ARM GAS  C:\Users\hkmnt\AppData\Local\Temp\ccStJvXe.s 			page 1


   1              		.syntax unified
   2              		.cpu cortex-m4
   3              		.eabi_attribute 27, 1
   4              		.fpu fpv4-sp-d16
   5              		.eabi_attribute 20, 1
   6              		.eabi_attribute 21, 1
   7              		.eabi_attribute 23, 3
   8              		.eabi_attribute 24, 1
   9              		.eabi_attribute 25, 1
  10              		.eabi_attribute 26, 1
  11              		.eabi_attribute 30, 1
  12              		.eabi_attribute 34, 1
  13              		.eabi_attribute 18, 4
  14              		.thumb
  15              		.syntax unified
  16              		.file	"cy_ble_wpts.c"
  17              		.text
  18              	.Ltext0:
  19              		.cfi_sections	.debug_frame
  20              	.Letext0:
  21              		.file 1 "c:\\program files (x86)\\cypress\\psoc creator\\4.4\\psoc creator\\import\\gnu\\arm\\5.4.
  22              		.file 2 "c:\\program files (x86)\\cypress\\psoc creator\\4.4\\psoc creator\\import\\gnu\\arm\\5.4.
  23              		.file 3 "Generated_Source\\PSoC6\\pdl\\drivers/peripheral/device/cy_device.h"
  24              		.file 4 "Generated_Source\\PSoC6\\pdl\\middleware\\ble\\cy_ble_stack_host_main.h"
  25              		.file 5 "Generated_Source\\PSoC6\\pdl\\middleware\\ble\\cy_ble_gap.h"
  26              		.file 6 "Generated_Source\\PSoC6\\pdl\\cmsis/include/core_cm4.h"
  27              		.section	.debug_info,"",%progbits
  28              	.Ldebug_info0:
  29 0000 27060000 		.4byte	0x627
  30 0004 0400     		.2byte	0x4
  31 0006 00000000 		.4byte	.Ldebug_abbrev0
  32 000a 04       		.byte	0x4
  33 000b 01       		.uleb128 0x1
  34 000c F0050000 		.4byte	.LASF134
  35 0010 0C       		.byte	0xc
  36 0011 E6000000 		.4byte	.LASF135
  37 0015 47040000 		.4byte	.LASF136
  38 0019 00000000 		.4byte	.Ldebug_line0
  39 001d 02       		.uleb128 0x2
  40 001e 04       		.byte	0x4
  41 001f 05       		.byte	0x5
  42 0020 696E7400 		.ascii	"int\000"
  43 0024 03       		.uleb128 0x3
  44 0025 04       		.byte	0x4
  45 0026 07       		.byte	0x7
  46 0027 70030000 		.4byte	.LASF0
  47 002b 03       		.uleb128 0x3
  48 002c 08       		.byte	0x8
  49 002d 05       		.byte	0x5
  50 002e 7F010000 		.4byte	.LASF1
  51 0032 03       		.uleb128 0x3
  52 0033 08       		.byte	0x8
  53 0034 04       		.byte	0x4
  54 0035 C1070000 		.4byte	.LASF2
  55 0039 03       		.uleb128 0x3
  56 003a 01       		.byte	0x1
  57 003b 06       		.byte	0x6
ARM GAS  C:\Users\hkmnt\AppData\Local\Temp\ccStJvXe.s 			page 2


  58 003c 8D010000 		.4byte	.LASF3
  59 0040 04       		.uleb128 0x4
  60 0041 7E000000 		.4byte	.LASF5
  61 0045 01       		.byte	0x1
  62 0046 1D       		.byte	0x1d
  63 0047 4B000000 		.4byte	0x4b
  64 004b 03       		.uleb128 0x3
  65 004c 01       		.byte	0x1
  66 004d 08       		.byte	0x8
  67 004e 5A070000 		.4byte	.LASF4
  68 0052 04       		.uleb128 0x4
  69 0053 07030000 		.4byte	.LASF6
  70 0057 01       		.byte	0x1
  71 0058 29       		.byte	0x29
  72 0059 5D000000 		.4byte	0x5d
  73 005d 03       		.uleb128 0x3
  74 005e 02       		.byte	0x2
  75 005f 05       		.byte	0x5
  76 0060 7C070000 		.4byte	.LASF7
  77 0064 04       		.uleb128 0x4
  78 0065 EC070000 		.4byte	.LASF8
  79 0069 01       		.byte	0x1
  80 006a 2B       		.byte	0x2b
  81 006b 6F000000 		.4byte	0x6f
  82 006f 03       		.uleb128 0x3
  83 0070 02       		.byte	0x2
  84 0071 07       		.byte	0x7
  85 0072 45080000 		.4byte	.LASF9
  86 0076 04       		.uleb128 0x4
  87 0077 0A080000 		.4byte	.LASF10
  88 007b 01       		.byte	0x1
  89 007c 3F       		.byte	0x3f
  90 007d 81000000 		.4byte	0x81
  91 0081 03       		.uleb128 0x3
  92 0082 04       		.byte	0x4
  93 0083 05       		.byte	0x5
  94 0084 01020000 		.4byte	.LASF11
  95 0088 04       		.uleb128 0x4
  96 0089 EC020000 		.4byte	.LASF12
  97 008d 01       		.byte	0x1
  98 008e 41       		.byte	0x41
  99 008f 93000000 		.4byte	0x93
 100 0093 03       		.uleb128 0x3
 101 0094 04       		.byte	0x4
 102 0095 07       		.byte	0x7
 103 0096 DF030000 		.4byte	.LASF13
 104 009a 03       		.uleb128 0x3
 105 009b 08       		.byte	0x8
 106 009c 07       		.byte	0x7
 107 009d CF000000 		.4byte	.LASF14
 108 00a1 03       		.uleb128 0x3
 109 00a2 04       		.byte	0x4
 110 00a3 07       		.byte	0x7
 111 00a4 2E050000 		.4byte	.LASF15
 112 00a8 03       		.uleb128 0x3
 113 00a9 01       		.byte	0x1
 114 00aa 08       		.byte	0x8
ARM GAS  C:\Users\hkmnt\AppData\Local\Temp\ccStJvXe.s 			page 3


 115 00ab CD070000 		.4byte	.LASF16
 116 00af 04       		.uleb128 0x4
 117 00b0 09090000 		.4byte	.LASF17
 118 00b4 02       		.byte	0x2
 119 00b5 18       		.byte	0x18
 120 00b6 40000000 		.4byte	0x40
 121 00ba 04       		.uleb128 0x4
 122 00bb 77010000 		.4byte	.LASF18
 123 00bf 02       		.byte	0x2
 124 00c0 20       		.byte	0x20
 125 00c1 52000000 		.4byte	0x52
 126 00c5 04       		.uleb128 0x4
 127 00c6 C4030000 		.4byte	.LASF19
 128 00ca 02       		.byte	0x2
 129 00cb 24       		.byte	0x24
 130 00cc 64000000 		.4byte	0x64
 131 00d0 04       		.uleb128 0x4
 132 00d1 52070000 		.4byte	.LASF20
 133 00d5 02       		.byte	0x2
 134 00d6 2C       		.byte	0x2c
 135 00d7 76000000 		.4byte	0x76
 136 00db 04       		.uleb128 0x4
 137 00dc B8070000 		.4byte	.LASF21
 138 00e0 02       		.byte	0x2
 139 00e1 30       		.byte	0x30
 140 00e2 88000000 		.4byte	0x88
 141 00e6 05       		.uleb128 0x5
 142 00e7 B8       		.byte	0xb8
 143 00e8 03       		.byte	0x3
 144 00e9 34       		.byte	0x34
 145 00ea F7040000 		.4byte	0x4f7
 146 00ee 06       		.uleb128 0x6
 147 00ef B6000000 		.4byte	.LASF22
 148 00f3 03       		.byte	0x3
 149 00f4 37       		.byte	0x37
 150 00f5 DB000000 		.4byte	0xdb
 151 00f9 00       		.byte	0
 152 00fa 06       		.uleb128 0x6
 153 00fb E1020000 		.4byte	.LASF23
 154 00ff 03       		.byte	0x3
 155 0100 38       		.byte	0x38
 156 0101 DB000000 		.4byte	0xdb
 157 0105 04       		.byte	0x4
 158 0106 06       		.uleb128 0x6
 159 0107 45020000 		.4byte	.LASF24
 160 010b 03       		.byte	0x3
 161 010c 39       		.byte	0x39
 162 010d DB000000 		.4byte	0xdb
 163 0111 08       		.byte	0x8
 164 0112 06       		.uleb128 0x6
 165 0113 1A070000 		.4byte	.LASF25
 166 0117 03       		.byte	0x3
 167 0118 3A       		.byte	0x3a
 168 0119 DB000000 		.4byte	0xdb
 169 011d 0C       		.byte	0xc
 170 011e 06       		.uleb128 0x6
 171 011f AE010000 		.4byte	.LASF26
ARM GAS  C:\Users\hkmnt\AppData\Local\Temp\ccStJvXe.s 			page 4


 172 0123 03       		.byte	0x3
 173 0124 3B       		.byte	0x3b
 174 0125 DB000000 		.4byte	0xdb
 175 0129 10       		.byte	0x10
 176 012a 06       		.uleb128 0x6
 177 012b F7010000 		.4byte	.LASF27
 178 012f 03       		.byte	0x3
 179 0130 3C       		.byte	0x3c
 180 0131 DB000000 		.4byte	0xdb
 181 0135 14       		.byte	0x14
 182 0136 06       		.uleb128 0x6
 183 0137 FC030000 		.4byte	.LASF28
 184 013b 03       		.byte	0x3
 185 013c 3D       		.byte	0x3d
 186 013d DB000000 		.4byte	0xdb
 187 0141 18       		.byte	0x18
 188 0142 06       		.uleb128 0x6
 189 0143 67000000 		.4byte	.LASF29
 190 0147 03       		.byte	0x3
 191 0148 3E       		.byte	0x3e
 192 0149 DB000000 		.4byte	0xdb
 193 014d 1C       		.byte	0x1c
 194 014e 06       		.uleb128 0x6
 195 014f 73090000 		.4byte	.LASF30
 196 0153 03       		.byte	0x3
 197 0154 3F       		.byte	0x3f
 198 0155 DB000000 		.4byte	0xdb
 199 0159 20       		.byte	0x20
 200 015a 06       		.uleb128 0x6
 201 015b D8050000 		.4byte	.LASF31
 202 015f 03       		.byte	0x3
 203 0160 40       		.byte	0x40
 204 0161 DB000000 		.4byte	0xdb
 205 0165 24       		.byte	0x24
 206 0166 06       		.uleb128 0x6
 207 0167 00050000 		.4byte	.LASF32
 208 016b 03       		.byte	0x3
 209 016c 43       		.byte	0x43
 210 016d AF000000 		.4byte	0xaf
 211 0171 28       		.byte	0x28
 212 0172 06       		.uleb128 0x6
 213 0173 4D000000 		.4byte	.LASF33
 214 0177 03       		.byte	0x3
 215 0178 44       		.byte	0x44
 216 0179 AF000000 		.4byte	0xaf
 217 017d 29       		.byte	0x29
 218 017e 06       		.uleb128 0x6
 219 017f 69090000 		.4byte	.LASF34
 220 0183 03       		.byte	0x3
 221 0184 45       		.byte	0x45
 222 0185 AF000000 		.4byte	0xaf
 223 0189 2A       		.byte	0x2a
 224 018a 06       		.uleb128 0x6
 225 018b CA050000 		.4byte	.LASF35
 226 018f 03       		.byte	0x3
 227 0190 46       		.byte	0x46
 228 0191 AF000000 		.4byte	0xaf
ARM GAS  C:\Users\hkmnt\AppData\Local\Temp\ccStJvXe.s 			page 5


 229 0195 2B       		.byte	0x2b
 230 0196 06       		.uleb128 0x6
 231 0197 90040000 		.4byte	.LASF36
 232 019b 03       		.byte	0x3
 233 019c 47       		.byte	0x47
 234 019d AF000000 		.4byte	0xaf
 235 01a1 2C       		.byte	0x2c
 236 01a2 06       		.uleb128 0x6
 237 01a3 24080000 		.4byte	.LASF37
 238 01a7 03       		.byte	0x3
 239 01a8 48       		.byte	0x48
 240 01a9 AF000000 		.4byte	0xaf
 241 01ad 2D       		.byte	0x2d
 242 01ae 06       		.uleb128 0x6
 243 01af B7010000 		.4byte	.LASF38
 244 01b3 03       		.byte	0x3
 245 01b4 49       		.byte	0x49
 246 01b5 AF000000 		.4byte	0xaf
 247 01b9 2E       		.byte	0x2e
 248 01ba 06       		.uleb128 0x6
 249 01bb 0D050000 		.4byte	.LASF39
 250 01bf 03       		.byte	0x3
 251 01c0 4A       		.byte	0x4a
 252 01c1 AF000000 		.4byte	0xaf
 253 01c5 2F       		.byte	0x2f
 254 01c6 06       		.uleb128 0x6
 255 01c7 D2070000 		.4byte	.LASF40
 256 01cb 03       		.byte	0x3
 257 01cc 4B       		.byte	0x4b
 258 01cd AF000000 		.4byte	0xaf
 259 01d1 30       		.byte	0x30
 260 01d2 06       		.uleb128 0x6
 261 01d3 F1030000 		.4byte	.LASF41
 262 01d7 03       		.byte	0x3
 263 01d8 4E       		.byte	0x4e
 264 01d9 AF000000 		.4byte	0xaf
 265 01dd 31       		.byte	0x31
 266 01de 06       		.uleb128 0x6
 267 01df 70000000 		.4byte	.LASF42
 268 01e3 03       		.byte	0x3
 269 01e4 4F       		.byte	0x4f
 270 01e5 AF000000 		.4byte	0xaf
 271 01e9 32       		.byte	0x32
 272 01ea 06       		.uleb128 0x6
 273 01eb 64030000 		.4byte	.LASF43
 274 01ef 03       		.byte	0x3
 275 01f0 50       		.byte	0x50
 276 01f1 AF000000 		.4byte	0xaf
 277 01f5 33       		.byte	0x33
 278 01f6 06       		.uleb128 0x6
 279 01f7 42050000 		.4byte	.LASF44
 280 01fb 03       		.byte	0x3
 281 01fc 51       		.byte	0x51
 282 01fd AF000000 		.4byte	0xaf
 283 0201 34       		.byte	0x34
 284 0202 06       		.uleb128 0x6
 285 0203 6F080000 		.4byte	.LASF45
ARM GAS  C:\Users\hkmnt\AppData\Local\Temp\ccStJvXe.s 			page 6


 286 0207 03       		.byte	0x3
 287 0208 52       		.byte	0x52
 288 0209 BA000000 		.4byte	0xba
 289 020d 36       		.byte	0x36
 290 020e 06       		.uleb128 0x6
 291 020f 5F020000 		.4byte	.LASF46
 292 0213 03       		.byte	0x3
 293 0214 53       		.byte	0x53
 294 0215 BA000000 		.4byte	0xba
 295 0219 38       		.byte	0x38
 296 021a 06       		.uleb128 0x6
 297 021b BE080000 		.4byte	.LASF47
 298 021f 03       		.byte	0x3
 299 0220 54       		.byte	0x54
 300 0221 BA000000 		.4byte	0xba
 301 0225 3A       		.byte	0x3a
 302 0226 06       		.uleb128 0x6
 303 0227 5A090000 		.4byte	.LASF48
 304 022b 03       		.byte	0x3
 305 022c 55       		.byte	0x55
 306 022d AF000000 		.4byte	0xaf
 307 0231 3C       		.byte	0x3c
 308 0232 06       		.uleb128 0x6
 309 0233 86020000 		.4byte	.LASF49
 310 0237 03       		.byte	0x3
 311 0238 56       		.byte	0x56
 312 0239 AF000000 		.4byte	0xaf
 313 023d 3D       		.byte	0x3d
 314 023e 06       		.uleb128 0x6
 315 023f 9A070000 		.4byte	.LASF50
 316 0243 03       		.byte	0x3
 317 0244 57       		.byte	0x57
 318 0245 AF000000 		.4byte	0xaf
 319 0249 3E       		.byte	0x3e
 320 024a 06       		.uleb128 0x6
 321 024b 5B000000 		.4byte	.LASF51
 322 024f 03       		.byte	0x3
 323 0250 58       		.byte	0x58
 324 0251 AF000000 		.4byte	0xaf
 325 0255 3F       		.byte	0x3f
 326 0256 06       		.uleb128 0x6
 327 0257 E3050000 		.4byte	.LASF52
 328 025b 03       		.byte	0x3
 329 025c 59       		.byte	0x59
 330 025d AF000000 		.4byte	0xaf
 331 0261 40       		.byte	0x40
 332 0262 06       		.uleb128 0x6
 333 0263 F7020000 		.4byte	.LASF53
 334 0267 03       		.byte	0x3
 335 0268 5A       		.byte	0x5a
 336 0269 AF000000 		.4byte	0xaf
 337 026d 41       		.byte	0x41
 338 026e 06       		.uleb128 0x6
 339 026f AC040000 		.4byte	.LASF54
 340 0273 03       		.byte	0x3
 341 0274 5B       		.byte	0x5b
 342 0275 AF000000 		.4byte	0xaf
ARM GAS  C:\Users\hkmnt\AppData\Local\Temp\ccStJvXe.s 			page 7


 343 0279 42       		.byte	0x42
 344 027a 06       		.uleb128 0x6
 345 027b A8050000 		.4byte	.LASF55
 346 027f 03       		.byte	0x3
 347 0280 5C       		.byte	0x5c
 348 0281 AF000000 		.4byte	0xaf
 349 0285 43       		.byte	0x43
 350 0286 06       		.uleb128 0x6
 351 0287 4E020000 		.4byte	.LASF56
 352 028b 03       		.byte	0x3
 353 028c 5D       		.byte	0x5d
 354 028d AF000000 		.4byte	0xaf
 355 0291 44       		.byte	0x44
 356 0292 06       		.uleb128 0x6
 357 0293 00000000 		.4byte	.LASF57
 358 0297 03       		.byte	0x3
 359 0298 5E       		.byte	0x5e
 360 0299 DB000000 		.4byte	0xdb
 361 029d 48       		.byte	0x48
 362 029e 06       		.uleb128 0x6
 363 029f 21020000 		.4byte	.LASF58
 364 02a3 03       		.byte	0x3
 365 02a4 5F       		.byte	0x5f
 366 02a5 DB000000 		.4byte	0xdb
 367 02a9 4C       		.byte	0x4c
 368 02aa 06       		.uleb128 0x6
 369 02ab D4090000 		.4byte	.LASF59
 370 02af 03       		.byte	0x3
 371 02b0 60       		.byte	0x60
 372 02b1 AF000000 		.4byte	0xaf
 373 02b5 50       		.byte	0x50
 374 02b6 06       		.uleb128 0x6
 375 02b7 51010000 		.4byte	.LASF60
 376 02bb 03       		.byte	0x3
 377 02bc 61       		.byte	0x61
 378 02bd AF000000 		.4byte	0xaf
 379 02c1 51       		.byte	0x51
 380 02c2 06       		.uleb128 0x6
 381 02c3 A3060000 		.4byte	.LASF61
 382 02c7 03       		.byte	0x3
 383 02c8 62       		.byte	0x62
 384 02c9 AF000000 		.4byte	0xaf
 385 02cd 52       		.byte	0x52
 386 02ce 06       		.uleb128 0x6
 387 02cf 91090000 		.4byte	.LASF62
 388 02d3 03       		.byte	0x3
 389 02d4 63       		.byte	0x63
 390 02d5 AF000000 		.4byte	0xaf
 391 02d9 53       		.byte	0x53
 392 02da 06       		.uleb128 0x6
 393 02db A8070000 		.4byte	.LASF63
 394 02df 03       		.byte	0x3
 395 02e0 64       		.byte	0x64
 396 02e1 AF000000 		.4byte	0xaf
 397 02e5 54       		.byte	0x54
 398 02e6 06       		.uleb128 0x6
 399 02e7 63010000 		.4byte	.LASF64
ARM GAS  C:\Users\hkmnt\AppData\Local\Temp\ccStJvXe.s 			page 8


 400 02eb 03       		.byte	0x3
 401 02ec 65       		.byte	0x65
 402 02ed AF000000 		.4byte	0xaf
 403 02f1 55       		.byte	0x55
 404 02f2 06       		.uleb128 0x6
 405 02f3 31080000 		.4byte	.LASF65
 406 02f7 03       		.byte	0x3
 407 02f8 66       		.byte	0x66
 408 02f9 AF000000 		.4byte	0xaf
 409 02fd 56       		.byte	0x56
 410 02fe 06       		.uleb128 0x6
 411 02ff 05040000 		.4byte	.LASF66
 412 0303 03       		.byte	0x3
 413 0304 67       		.byte	0x67
 414 0305 AF000000 		.4byte	0xaf
 415 0309 57       		.byte	0x57
 416 030a 06       		.uleb128 0x6
 417 030b 12000000 		.4byte	.LASF67
 418 030f 03       		.byte	0x3
 419 0310 68       		.byte	0x68
 420 0311 AF000000 		.4byte	0xaf
 421 0315 58       		.byte	0x58
 422 0316 06       		.uleb128 0x6
 423 0317 68070000 		.4byte	.LASF68
 424 031b 03       		.byte	0x3
 425 031c 69       		.byte	0x69
 426 031d AF000000 		.4byte	0xaf
 427 0321 59       		.byte	0x59
 428 0322 06       		.uleb128 0x6
 429 0323 37050000 		.4byte	.LASF69
 430 0327 03       		.byte	0x3
 431 0328 6E       		.byte	0x6e
 432 0329 C5000000 		.4byte	0xc5
 433 032d 5A       		.byte	0x5a
 434 032e 06       		.uleb128 0x6
 435 032f 58080000 		.4byte	.LASF70
 436 0333 03       		.byte	0x3
 437 0334 6F       		.byte	0x6f
 438 0335 C5000000 		.4byte	0xc5
 439 0339 5C       		.byte	0x5c
 440 033a 06       		.uleb128 0x6
 441 033b C0000000 		.4byte	.LASF71
 442 033f 03       		.byte	0x3
 443 0340 70       		.byte	0x70
 444 0341 AF000000 		.4byte	0xaf
 445 0345 5E       		.byte	0x5e
 446 0346 06       		.uleb128 0x6
 447 0347 04070000 		.4byte	.LASF72
 448 034b 03       		.byte	0x3
 449 034c 71       		.byte	0x71
 450 034d AF000000 		.4byte	0xaf
 451 0351 5F       		.byte	0x5f
 452 0352 06       		.uleb128 0x6
 453 0353 97050000 		.4byte	.LASF73
 454 0357 03       		.byte	0x3
 455 0358 72       		.byte	0x72
 456 0359 AF000000 		.4byte	0xaf
ARM GAS  C:\Users\hkmnt\AppData\Local\Temp\ccStJvXe.s 			page 9


 457 035d 60       		.byte	0x60
 458 035e 06       		.uleb128 0x6
 459 035f DD060000 		.4byte	.LASF74
 460 0363 03       		.byte	0x3
 461 0364 73       		.byte	0x73
 462 0365 DB000000 		.4byte	0xdb
 463 0369 64       		.byte	0x64
 464 036a 06       		.uleb128 0x6
 465 036b 1E010000 		.4byte	.LASF75
 466 036f 03       		.byte	0x3
 467 0370 76       		.byte	0x76
 468 0371 C5000000 		.4byte	0xc5
 469 0375 68       		.byte	0x68
 470 0376 06       		.uleb128 0x6
 471 0377 CD030000 		.4byte	.LASF76
 472 037b 03       		.byte	0x3
 473 037c 77       		.byte	0x77
 474 037d C5000000 		.4byte	0xc5
 475 0381 6A       		.byte	0x6a
 476 0382 06       		.uleb128 0x6
 477 0383 19040000 		.4byte	.LASF77
 478 0387 03       		.byte	0x3
 479 0388 78       		.byte	0x78
 480 0389 C5000000 		.4byte	0xc5
 481 038d 6C       		.byte	0x6c
 482 038e 06       		.uleb128 0x6
 483 038f 83040000 		.4byte	.LASF78
 484 0393 03       		.byte	0x3
 485 0394 79       		.byte	0x79
 486 0395 C5000000 		.4byte	0xc5
 487 0399 6E       		.byte	0x6e
 488 039a 06       		.uleb128 0x6
 489 039b 86070000 		.4byte	.LASF79
 490 039f 03       		.byte	0x3
 491 03a0 7B       		.byte	0x7b
 492 03a1 AF000000 		.4byte	0xaf
 493 03a5 70       		.byte	0x70
 494 03a6 06       		.uleb128 0x6
 495 03a7 99010000 		.4byte	.LASF80
 496 03ab 03       		.byte	0x3
 497 03ac 7C       		.byte	0x7c
 498 03ad AF000000 		.4byte	0xaf
 499 03b1 71       		.byte	0x71
 500 03b2 06       		.uleb128 0x6
 501 03b3 7B090000 		.4byte	.LASF81
 502 03b7 03       		.byte	0x3
 503 03b8 7D       		.byte	0x7d
 504 03b9 AF000000 		.4byte	0xaf
 505 03bd 72       		.byte	0x72
 506 03be 06       		.uleb128 0x6
 507 03bf 72050000 		.4byte	.LASF82
 508 03c3 03       		.byte	0x3
 509 03c4 7E       		.byte	0x7e
 510 03c5 AF000000 		.4byte	0xaf
 511 03c9 73       		.byte	0x73
 512 03ca 06       		.uleb128 0x6
 513 03cb 91020000 		.4byte	.LASF83
ARM GAS  C:\Users\hkmnt\AppData\Local\Temp\ccStJvXe.s 			page 10


 514 03cf 03       		.byte	0x3
 515 03d0 80       		.byte	0x80
 516 03d1 C5000000 		.4byte	0xc5
 517 03d5 74       		.byte	0x74
 518 03d6 06       		.uleb128 0x6
 519 03d7 F7070000 		.4byte	.LASF84
 520 03db 03       		.byte	0x3
 521 03dc 81       		.byte	0x81
 522 03dd C5000000 		.4byte	0xc5
 523 03e1 76       		.byte	0x76
 524 03e2 06       		.uleb128 0x6
 525 03e3 71020000 		.4byte	.LASF85
 526 03e7 03       		.byte	0x3
 527 03e8 82       		.byte	0x82
 528 03e9 C5000000 		.4byte	0xc5
 529 03ed 78       		.byte	0x78
 530 03ee 06       		.uleb128 0x6
 531 03ef 88000000 		.4byte	.LASF86
 532 03f3 03       		.byte	0x3
 533 03f4 83       		.byte	0x83
 534 03f5 C5000000 		.4byte	0xc5
 535 03f9 7A       		.byte	0x7a
 536 03fa 06       		.uleb128 0x6
 537 03fb 26090000 		.4byte	.LASF87
 538 03ff 03       		.byte	0x3
 539 0400 86       		.byte	0x86
 540 0401 AF000000 		.4byte	0xaf
 541 0405 7C       		.byte	0x7c
 542 0406 06       		.uleb128 0x6
 543 0407 7C080000 		.4byte	.LASF88
 544 040b 03       		.byte	0x3
 545 040c 87       		.byte	0x87
 546 040d AF000000 		.4byte	0xaf
 547 0411 7D       		.byte	0x7d
 548 0412 06       		.uleb128 0x6
 549 0413 26000000 		.4byte	.LASF89
 550 0417 03       		.byte	0x3
 551 0418 88       		.byte	0x88
 552 0419 AF000000 		.4byte	0xaf
 553 041d 7E       		.byte	0x7e
 554 041e 06       		.uleb128 0x6
 555 041f CD020000 		.4byte	.LASF90
 556 0423 03       		.byte	0x3
 557 0424 89       		.byte	0x89
 558 0425 AF000000 		.4byte	0xaf
 559 0429 7F       		.byte	0x7f
 560 042a 06       		.uleb128 0x6
 561 042b 50030000 		.4byte	.LASF91
 562 042f 03       		.byte	0x3
 563 0430 8A       		.byte	0x8a
 564 0431 AF000000 		.4byte	0xaf
 565 0435 80       		.byte	0x80
 566 0436 06       		.uleb128 0x6
 567 0437 E3040000 		.4byte	.LASF92
 568 043b 03       		.byte	0x3
 569 043c 8D       		.byte	0x8d
 570 043d DB000000 		.4byte	0xdb
ARM GAS  C:\Users\hkmnt\AppData\Local\Temp\ccStJvXe.s 			page 11


 571 0441 84       		.byte	0x84
 572 0442 06       		.uleb128 0x6
 573 0443 0A020000 		.4byte	.LASF93
 574 0447 03       		.byte	0x3
 575 0448 8E       		.byte	0x8e
 576 0449 DB000000 		.4byte	0xdb
 577 044d 88       		.byte	0x88
 578 044e 06       		.uleb128 0x6
 579 044f 11090000 		.4byte	.LASF94
 580 0453 03       		.byte	0x3
 581 0454 8F       		.byte	0x8f
 582 0455 DB000000 		.4byte	0xdb
 583 0459 8C       		.byte	0x8c
 584 045a 06       		.uleb128 0x6
 585 045b 19050000 		.4byte	.LASF95
 586 045f 03       		.byte	0x3
 587 0460 90       		.byte	0x90
 588 0461 DB000000 		.4byte	0xdb
 589 0465 90       		.byte	0x90
 590 0466 06       		.uleb128 0x6
 591 0467 11030000 		.4byte	.LASF96
 592 046b 03       		.byte	0x3
 593 046c 91       		.byte	0x91
 594 046d DB000000 		.4byte	0xdb
 595 0471 94       		.byte	0x94
 596 0472 06       		.uleb128 0x6
 597 0473 CD040000 		.4byte	.LASF97
 598 0477 03       		.byte	0x3
 599 0478 92       		.byte	0x92
 600 0479 DB000000 		.4byte	0xdb
 601 047d 98       		.byte	0x98
 602 047e 06       		.uleb128 0x6
 603 047f 3B090000 		.4byte	.LASF98
 604 0483 03       		.byte	0x3
 605 0484 93       		.byte	0x93
 606 0485 DB000000 		.4byte	0xdb
 607 0489 9C       		.byte	0x9c
 608 048a 06       		.uleb128 0x6
 609 048b 2E010000 		.4byte	.LASF99
 610 048f 03       		.byte	0x3
 611 0490 94       		.byte	0x94
 612 0491 DB000000 		.4byte	0xdb
 613 0495 A0       		.byte	0xa0
 614 0496 06       		.uleb128 0x6
 615 0497 C2010000 		.4byte	.LASF100
 616 049b 03       		.byte	0x3
 617 049c 95       		.byte	0x95
 618 049d C5000000 		.4byte	0xc5
 619 04a1 A4       		.byte	0xa4
 620 04a2 06       		.uleb128 0x6
 621 04a3 B8040000 		.4byte	.LASF101
 622 04a7 03       		.byte	0x3
 623 04a8 96       		.byte	0x96
 624 04a9 C5000000 		.4byte	0xc5
 625 04ad A6       		.byte	0xa6
 626 04ae 06       		.uleb128 0x6
 627 04af F8060000 		.4byte	.LASF102
ARM GAS  C:\Users\hkmnt\AppData\Local\Temp\ccStJvXe.s 			page 12


 628 04b3 03       		.byte	0x3
 629 04b4 97       		.byte	0x97
 630 04b5 C5000000 		.4byte	0xc5
 631 04b9 A8       		.byte	0xa8
 632 04ba 06       		.uleb128 0x6
 633 04bb DE070000 		.4byte	.LASF103
 634 04bf 03       		.byte	0x3
 635 04c0 98       		.byte	0x98
 636 04c1 C5000000 		.4byte	0xc5
 637 04c5 AA       		.byte	0xaa
 638 04c6 06       		.uleb128 0x6
 639 04c7 28040000 		.4byte	.LASF104
 640 04cb 03       		.byte	0x3
 641 04cc 99       		.byte	0x99
 642 04cd C5000000 		.4byte	0xc5
 643 04d1 AC       		.byte	0xac
 644 04d2 06       		.uleb128 0x6
 645 04d3 89050000 		.4byte	.LASF105
 646 04d7 03       		.byte	0x3
 647 04d8 9A       		.byte	0x9a
 648 04d9 C5000000 		.4byte	0xc5
 649 04dd AE       		.byte	0xae
 650 04de 06       		.uleb128 0x6
 651 04df 61080000 		.4byte	.LASF106
 652 04e3 03       		.byte	0x3
 653 04e4 9D       		.byte	0x9d
 654 04e5 C5000000 		.4byte	0xc5
 655 04e9 B0       		.byte	0xb0
 656 04ea 06       		.uleb128 0x6
 657 04eb 39000000 		.4byte	.LASF107
 658 04ef 03       		.byte	0x3
 659 04f0 9E       		.byte	0x9e
 660 04f1 DB000000 		.4byte	0xdb
 661 04f5 B4       		.byte	0xb4
 662 04f6 00       		.byte	0
 663 04f7 04       		.uleb128 0x4
 664 04f8 9C040000 		.4byte	.LASF108
 665 04fc 03       		.byte	0x3
 666 04fd 9F       		.byte	0x9f
 667 04fe E6000000 		.4byte	0xe6
 668 0502 03       		.uleb128 0x3
 669 0503 04       		.byte	0x4
 670 0504 04       		.byte	0x4
 671 0505 D7060000 		.4byte	.LASF109
 672 0509 03       		.uleb128 0x3
 673 050a 08       		.byte	0x8
 674 050b 04       		.byte	0x4
 675 050c 6A020000 		.4byte	.LASF110
 676 0510 07       		.uleb128 0x7
 677 0511 02       		.byte	0x2
 678 0512 04       		.byte	0x4
 679 0513 6401     		.2byte	0x164
 680 0515 34050000 		.4byte	0x534
 681 0519 08       		.uleb128 0x8
 682 051a 51090000 		.4byte	.LASF111
 683 051e 04       		.byte	0x4
 684 051f 6E01     		.2byte	0x16e
ARM GAS  C:\Users\hkmnt\AppData\Local\Temp\ccStJvXe.s 			page 13


 685 0521 AF000000 		.4byte	0xaf
 686 0525 00       		.byte	0
 687 0526 08       		.uleb128 0x8
 688 0527 FA040000 		.4byte	.LASF112
 689 052b 04       		.byte	0x4
 690 052c 7201     		.2byte	0x172
 691 052e AF000000 		.4byte	0xaf
 692 0532 01       		.byte	0x1
 693 0533 00       		.byte	0
 694 0534 09       		.uleb128 0x9
 695 0535 9D000000 		.4byte	.LASF113
 696 0539 04       		.byte	0x4
 697 053a 7401     		.2byte	0x174
 698 053c 10050000 		.4byte	0x510
 699 0540 0A       		.uleb128 0xa
 700 0541 01       		.byte	0x1
 701 0542 4B000000 		.4byte	0x4b
 702 0546 05       		.byte	0x5
 703 0547 7E       		.byte	0x7e
 704 0548 65050000 		.4byte	0x565
 705 054c 0B       		.uleb128 0xb
 706 054d F0080000 		.4byte	.LASF114
 707 0551 00       		.byte	0
 708 0552 0B       		.uleb128 0xb
 709 0553 53050000 		.4byte	.LASF115
 710 0557 01       		.byte	0x1
 711 0558 0B       		.uleb128 0xb
 712 0559 D3080000 		.4byte	.LASF116
 713 055d 02       		.byte	0x2
 714 055e 0B       		.uleb128 0xb
 715 055f D7010000 		.4byte	.LASF117
 716 0563 03       		.byte	0x3
 717 0564 00       		.byte	0
 718 0565 04       		.uleb128 0x4
 719 0566 2F020000 		.4byte	.LASF118
 720 056a 05       		.byte	0x5
 721 056b 83       		.byte	0x83
 722 056c 40050000 		.4byte	0x540
 723 0570 0A       		.uleb128 0xa
 724 0571 01       		.byte	0x1
 725 0572 4B000000 		.4byte	0x4b
 726 0576 05       		.byte	0x5
 727 0577 87       		.byte	0x87
 728 0578 AD050000 		.4byte	0x5ad
 729 057c 0B       		.uleb128 0xb
 730 057d 8D080000 		.4byte	.LASF119
 731 0581 00       		.byte	0
 732 0582 0B       		.uleb128 0xb
 733 0583 A3090000 		.4byte	.LASF120
 734 0587 01       		.byte	0x1
 735 0588 0B       		.uleb128 0xb
 736 0589 7D030000 		.4byte	.LASF121
 737 058d 02       		.byte	0x2
 738 058e 0B       		.uleb128 0xb
 739 058f 26030000 		.4byte	.LASF122
 740 0593 03       		.byte	0x3
 741 0594 0B       		.uleb128 0xb
ARM GAS  C:\Users\hkmnt\AppData\Local\Temp\ccStJvXe.s 			page 14


 742 0595 A3020000 		.4byte	.LASF123
 743 0599 04       		.byte	0x4
 744 059a 0B       		.uleb128 0xb
 745 059b 22070000 		.4byte	.LASF124
 746 059f 05       		.byte	0x5
 747 05a0 0B       		.uleb128 0xb
 748 05a1 99030000 		.4byte	.LASF125
 749 05a5 06       		.byte	0x6
 750 05a6 0B       		.uleb128 0xb
 751 05a7 B3060000 		.4byte	.LASF126
 752 05ab 07       		.byte	0x7
 753 05ac 00       		.byte	0
 754 05ad 04       		.uleb128 0x4
 755 05ae B3050000 		.4byte	.LASF127
 756 05b2 05       		.byte	0x5
 757 05b3 90       		.byte	0x90
 758 05b4 70050000 		.4byte	0x570
 759 05b8 03       		.uleb128 0x3
 760 05b9 01       		.byte	0x1
 761 05ba 02       		.byte	0x2
 762 05bb 4C070000 		.4byte	.LASF128
 763 05bf 0C       		.uleb128 0xc
 764 05c0 EE060000 		.4byte	.LASF129
 765 05c4 03       		.byte	0x3
 766 05c5 A7       		.byte	0xa7
 767 05c6 CA050000 		.4byte	0x5ca
 768 05ca 0D       		.uleb128 0xd
 769 05cb 04       		.byte	0x4
 770 05cc D0050000 		.4byte	0x5d0
 771 05d0 0E       		.uleb128 0xe
 772 05d1 F7040000 		.4byte	0x4f7
 773 05d5 0F       		.uleb128 0xf
 774 05d6 44010000 		.4byte	.LASF130
 775 05da 06       		.byte	0x6
 776 05db F907     		.2byte	0x7f9
 777 05dd E1050000 		.4byte	0x5e1
 778 05e1 10       		.uleb128 0x10
 779 05e2 D0000000 		.4byte	0xd0
 780 05e6 0F       		.uleb128 0xf
 781 05e7 14080000 		.4byte	.LASF131
 782 05eb 05       		.byte	0x5
 783 05ec 2202     		.2byte	0x222
 784 05ee 65050000 		.4byte	0x565
 785 05f2 11       		.uleb128 0x11
 786 05f3 34050000 		.4byte	0x534
 787 05f7 02060000 		.4byte	0x602
 788 05fb 12       		.uleb128 0x12
 789 05fc A1000000 		.4byte	0xa1
 790 0600 00       		.byte	0
 791 0601 00       		.byte	0
 792 0602 0F       		.uleb128 0xf
 793 0603 AC080000 		.4byte	.LASF132
 794 0607 05       		.byte	0x5
 795 0608 2C02     		.2byte	0x22c
 796 060a F2050000 		.4byte	0x5f2
 797 060e 11       		.uleb128 0x11
 798 060f AD050000 		.4byte	0x5ad
ARM GAS  C:\Users\hkmnt\AppData\Local\Temp\ccStJvXe.s 			page 15


 799 0613 1E060000 		.4byte	0x61e
 800 0617 12       		.uleb128 0x12
 801 0618 A1000000 		.4byte	0xa1
 802 061c 00       		.byte	0
 803 061d 00       		.byte	0
 804 061e 0F       		.uleb128 0xf
 805 061f 36040000 		.4byte	.LASF133
 806 0623 05       		.byte	0x5
 807 0624 2D02     		.2byte	0x22d
 808 0626 0E060000 		.4byte	0x60e
 809 062a 00       		.byte	0
 810              		.section	.debug_abbrev,"",%progbits
 811              	.Ldebug_abbrev0:
 812 0000 01       		.uleb128 0x1
 813 0001 11       		.uleb128 0x11
 814 0002 01       		.byte	0x1
 815 0003 25       		.uleb128 0x25
 816 0004 0E       		.uleb128 0xe
 817 0005 13       		.uleb128 0x13
 818 0006 0B       		.uleb128 0xb
 819 0007 03       		.uleb128 0x3
 820 0008 0E       		.uleb128 0xe
 821 0009 1B       		.uleb128 0x1b
 822 000a 0E       		.uleb128 0xe
 823 000b 10       		.uleb128 0x10
 824 000c 17       		.uleb128 0x17
 825 000d 00       		.byte	0
 826 000e 00       		.byte	0
 827 000f 02       		.uleb128 0x2
 828 0010 24       		.uleb128 0x24
 829 0011 00       		.byte	0
 830 0012 0B       		.uleb128 0xb
 831 0013 0B       		.uleb128 0xb
 832 0014 3E       		.uleb128 0x3e
 833 0015 0B       		.uleb128 0xb
 834 0016 03       		.uleb128 0x3
 835 0017 08       		.uleb128 0x8
 836 0018 00       		.byte	0
 837 0019 00       		.byte	0
 838 001a 03       		.uleb128 0x3
 839 001b 24       		.uleb128 0x24
 840 001c 00       		.byte	0
 841 001d 0B       		.uleb128 0xb
 842 001e 0B       		.uleb128 0xb
 843 001f 3E       		.uleb128 0x3e
 844 0020 0B       		.uleb128 0xb
 845 0021 03       		.uleb128 0x3
 846 0022 0E       		.uleb128 0xe
 847 0023 00       		.byte	0
 848 0024 00       		.byte	0
 849 0025 04       		.uleb128 0x4
 850 0026 16       		.uleb128 0x16
 851 0027 00       		.byte	0
 852 0028 03       		.uleb128 0x3
 853 0029 0E       		.uleb128 0xe
 854 002a 3A       		.uleb128 0x3a
 855 002b 0B       		.uleb128 0xb
ARM GAS  C:\Users\hkmnt\AppData\Local\Temp\ccStJvXe.s 			page 16


 856 002c 3B       		.uleb128 0x3b
 857 002d 0B       		.uleb128 0xb
 858 002e 49       		.uleb128 0x49
 859 002f 13       		.uleb128 0x13
 860 0030 00       		.byte	0
 861 0031 00       		.byte	0
 862 0032 05       		.uleb128 0x5
 863 0033 13       		.uleb128 0x13
 864 0034 01       		.byte	0x1
 865 0035 0B       		.uleb128 0xb
 866 0036 0B       		.uleb128 0xb
 867 0037 3A       		.uleb128 0x3a
 868 0038 0B       		.uleb128 0xb
 869 0039 3B       		.uleb128 0x3b
 870 003a 0B       		.uleb128 0xb
 871 003b 01       		.uleb128 0x1
 872 003c 13       		.uleb128 0x13
 873 003d 00       		.byte	0
 874 003e 00       		.byte	0
 875 003f 06       		.uleb128 0x6
 876 0040 0D       		.uleb128 0xd
 877 0041 00       		.byte	0
 878 0042 03       		.uleb128 0x3
 879 0043 0E       		.uleb128 0xe
 880 0044 3A       		.uleb128 0x3a
 881 0045 0B       		.uleb128 0xb
 882 0046 3B       		.uleb128 0x3b
 883 0047 0B       		.uleb128 0xb
 884 0048 49       		.uleb128 0x49
 885 0049 13       		.uleb128 0x13
 886 004a 38       		.uleb128 0x38
 887 004b 0B       		.uleb128 0xb
 888 004c 00       		.byte	0
 889 004d 00       		.byte	0
 890 004e 07       		.uleb128 0x7
 891 004f 13       		.uleb128 0x13
 892 0050 01       		.byte	0x1
 893 0051 0B       		.uleb128 0xb
 894 0052 0B       		.uleb128 0xb
 895 0053 3A       		.uleb128 0x3a
 896 0054 0B       		.uleb128 0xb
 897 0055 3B       		.uleb128 0x3b
 898 0056 05       		.uleb128 0x5
 899 0057 01       		.uleb128 0x1
 900 0058 13       		.uleb128 0x13
 901 0059 00       		.byte	0
 902 005a 00       		.byte	0
 903 005b 08       		.uleb128 0x8
 904 005c 0D       		.uleb128 0xd
 905 005d 00       		.byte	0
 906 005e 03       		.uleb128 0x3
 907 005f 0E       		.uleb128 0xe
 908 0060 3A       		.uleb128 0x3a
 909 0061 0B       		.uleb128 0xb
 910 0062 3B       		.uleb128 0x3b
 911 0063 05       		.uleb128 0x5
 912 0064 49       		.uleb128 0x49
ARM GAS  C:\Users\hkmnt\AppData\Local\Temp\ccStJvXe.s 			page 17


 913 0065 13       		.uleb128 0x13
 914 0066 38       		.uleb128 0x38
 915 0067 0B       		.uleb128 0xb
 916 0068 00       		.byte	0
 917 0069 00       		.byte	0
 918 006a 09       		.uleb128 0x9
 919 006b 16       		.uleb128 0x16
 920 006c 00       		.byte	0
 921 006d 03       		.uleb128 0x3
 922 006e 0E       		.uleb128 0xe
 923 006f 3A       		.uleb128 0x3a
 924 0070 0B       		.uleb128 0xb
 925 0071 3B       		.uleb128 0x3b
 926 0072 05       		.uleb128 0x5
 927 0073 49       		.uleb128 0x49
 928 0074 13       		.uleb128 0x13
 929 0075 00       		.byte	0
 930 0076 00       		.byte	0
 931 0077 0A       		.uleb128 0xa
 932 0078 04       		.uleb128 0x4
 933 0079 01       		.byte	0x1
 934 007a 0B       		.uleb128 0xb
 935 007b 0B       		.uleb128 0xb
 936 007c 49       		.uleb128 0x49
 937 007d 13       		.uleb128 0x13
 938 007e 3A       		.uleb128 0x3a
 939 007f 0B       		.uleb128 0xb
 940 0080 3B       		.uleb128 0x3b
 941 0081 0B       		.uleb128 0xb
 942 0082 01       		.uleb128 0x1
 943 0083 13       		.uleb128 0x13
 944 0084 00       		.byte	0
 945 0085 00       		.byte	0
 946 0086 0B       		.uleb128 0xb
 947 0087 28       		.uleb128 0x28
 948 0088 00       		.byte	0
 949 0089 03       		.uleb128 0x3
 950 008a 0E       		.uleb128 0xe
 951 008b 1C       		.uleb128 0x1c
 952 008c 0B       		.uleb128 0xb
 953 008d 00       		.byte	0
 954 008e 00       		.byte	0
 955 008f 0C       		.uleb128 0xc
 956 0090 34       		.uleb128 0x34
 957 0091 00       		.byte	0
 958 0092 03       		.uleb128 0x3
 959 0093 0E       		.uleb128 0xe
 960 0094 3A       		.uleb128 0x3a
 961 0095 0B       		.uleb128 0xb
 962 0096 3B       		.uleb128 0x3b
 963 0097 0B       		.uleb128 0xb
 964 0098 49       		.uleb128 0x49
 965 0099 13       		.uleb128 0x13
 966 009a 3F       		.uleb128 0x3f
 967 009b 19       		.uleb128 0x19
 968 009c 3C       		.uleb128 0x3c
 969 009d 19       		.uleb128 0x19
ARM GAS  C:\Users\hkmnt\AppData\Local\Temp\ccStJvXe.s 			page 18


 970 009e 00       		.byte	0
 971 009f 00       		.byte	0
 972 00a0 0D       		.uleb128 0xd
 973 00a1 0F       		.uleb128 0xf
 974 00a2 00       		.byte	0
 975 00a3 0B       		.uleb128 0xb
 976 00a4 0B       		.uleb128 0xb
 977 00a5 49       		.uleb128 0x49
 978 00a6 13       		.uleb128 0x13
 979 00a7 00       		.byte	0
 980 00a8 00       		.byte	0
 981 00a9 0E       		.uleb128 0xe
 982 00aa 26       		.uleb128 0x26
 983 00ab 00       		.byte	0
 984 00ac 49       		.uleb128 0x49
 985 00ad 13       		.uleb128 0x13
 986 00ae 00       		.byte	0
 987 00af 00       		.byte	0
 988 00b0 0F       		.uleb128 0xf
 989 00b1 34       		.uleb128 0x34
 990 00b2 00       		.byte	0
 991 00b3 03       		.uleb128 0x3
 992 00b4 0E       		.uleb128 0xe
 993 00b5 3A       		.uleb128 0x3a
 994 00b6 0B       		.uleb128 0xb
 995 00b7 3B       		.uleb128 0x3b
 996 00b8 05       		.uleb128 0x5
 997 00b9 49       		.uleb128 0x49
 998 00ba 13       		.uleb128 0x13
 999 00bb 3F       		.uleb128 0x3f
 1000 00bc 19       		.uleb128 0x19
 1001 00bd 3C       		.uleb128 0x3c
 1002 00be 19       		.uleb128 0x19
 1003 00bf 00       		.byte	0
 1004 00c0 00       		.byte	0
 1005 00c1 10       		.uleb128 0x10
 1006 00c2 35       		.uleb128 0x35
 1007 00c3 00       		.byte	0
 1008 00c4 49       		.uleb128 0x49
 1009 00c5 13       		.uleb128 0x13
 1010 00c6 00       		.byte	0
 1011 00c7 00       		.byte	0
 1012 00c8 11       		.uleb128 0x11
 1013 00c9 01       		.uleb128 0x1
 1014 00ca 01       		.byte	0x1
 1015 00cb 49       		.uleb128 0x49
 1016 00cc 13       		.uleb128 0x13
 1017 00cd 01       		.uleb128 0x1
 1018 00ce 13       		.uleb128 0x13
 1019 00cf 00       		.byte	0
 1020 00d0 00       		.byte	0
 1021 00d1 12       		.uleb128 0x12
 1022 00d2 21       		.uleb128 0x21
 1023 00d3 00       		.byte	0
 1024 00d4 49       		.uleb128 0x49
 1025 00d5 13       		.uleb128 0x13
 1026 00d6 2F       		.uleb128 0x2f
ARM GAS  C:\Users\hkmnt\AppData\Local\Temp\ccStJvXe.s 			page 19


 1027 00d7 0B       		.uleb128 0xb
 1028 00d8 00       		.byte	0
 1029 00d9 00       		.byte	0
 1030 00da 00       		.byte	0
 1031              		.section	.debug_aranges,"",%progbits
 1032 0000 14000000 		.4byte	0x14
 1033 0004 0200     		.2byte	0x2
 1034 0006 00000000 		.4byte	.Ldebug_info0
 1035 000a 04       		.byte	0x4
 1036 000b 00       		.byte	0
 1037 000c 0000     		.2byte	0
 1038 000e 0000     		.2byte	0
 1039 0010 00000000 		.4byte	0
 1040 0014 00000000 		.4byte	0
 1041              		.section	.debug_line,"",%progbits
 1042              	.Ldebug_line0:
 1043 0000 E7010000 		.section	.debug_str,"MS",%progbits,1
 1043      0200E101 
 1043      00000201 
 1043      FB0E0D00 
 1043      01010101 
 1044              	.LASF57:
 1045 0000 70726F74 		.ascii	"protBusMasterMask\000"
 1045      4275734D 
 1045      61737465 
 1045      724D6173 
 1045      6B00
 1046              	.LASF67:
 1047 0012 666C6173 		.ascii	"flashCtlMainWs3Freq\000"
 1047      6843746C 
 1047      4D61696E 
 1047      57733346 
 1047      72657100 
 1048              	.LASF89:
 1049 0026 6770696F 		.ascii	"gpioPrtCfgInOffset\000"
 1049      50727443 
 1049      6667496E 
 1049      4F666673 
 1049      657400
 1050              	.LASF107:
 1051 0039 6970634C 		.ascii	"ipcLockStatusOffset\000"
 1051      6F636B53 
 1051      74617475 
 1051      734F6666 
 1051      73657400 
 1052              	.LASF33:
 1053 004d 63727970 		.ascii	"cryptoVersion\000"
 1053      746F5665 
 1053      7273696F 
 1053      6E00
 1054              	.LASF51:
 1055 005b 70657269 		.ascii	"periClockNr\000"
 1055      436C6F63 
 1055      6B4E7200 
 1056              	.LASF29:
 1057 0067 70617373 		.ascii	"passBase\000"
 1057      42617365 
ARM GAS  C:\Users\hkmnt\AppData\Local\Temp\ccStJvXe.s 			page 20


 1057      00
 1058              	.LASF42:
 1059 0070 63707573 		.ascii	"cpussIpcIrqNr\000"
 1059      73497063 
 1059      4972714E 
 1059      7200
 1060              	.LASF5:
 1061 007e 5F5F7569 		.ascii	"__uint8_t\000"
 1061      6E74385F 
 1061      7400
 1062              	.LASF86:
 1063 0088 70657269 		.ascii	"periDiv24_5CtlOffset\000"
 1063      44697632 
 1063      345F3543 
 1063      746C4F66 
 1063      66736574 
 1064              	.LASF113:
 1065 009d 63795F73 		.ascii	"cy_stc_ble_conn_handle_t\000"
 1065      74635F62 
 1065      6C655F63 
 1065      6F6E6E5F 
 1065      68616E64 
 1066              	.LASF22:
 1067 00b6 63707573 		.ascii	"cpussBase\000"
 1067      73426173 
 1067      6500
 1068              	.LASF71:
 1069 00c0 64774368 		.ascii	"dwChCtlPrioPos\000"
 1069      43746C50 
 1069      72696F50 
 1069      6F7300
 1070              	.LASF14:
 1071 00cf 6C6F6E67 		.ascii	"long long unsigned int\000"
 1071      206C6F6E 
 1071      6720756E 
 1071      7369676E 
 1071      65642069 
 1072              	.LASF135:
 1073 00e6 47656E65 		.ascii	"Generated_Source\\PSoC6\\pdl\\middleware\\ble\\cy_b"
 1073      72617465 
 1073      645F536F 
 1073      75726365 
 1073      5C50536F 
 1074 0114 6C655F77 		.ascii	"le_wpts.c\000"
 1074      7074732E 
 1074      6300
 1075              	.LASF75:
 1076 011e 70657269 		.ascii	"periTrCmdOffset\000"
 1076      5472436D 
 1076      644F6666 
 1076      73657400 
 1077              	.LASF99:
 1078 012e 63707573 		.ascii	"cpussSysTickCtlOffset\000"
 1078      73537973 
 1078      5469636B 
 1078      43746C4F 
 1078      66667365 
ARM GAS  C:\Users\hkmnt\AppData\Local\Temp\ccStJvXe.s 			page 21


 1079              	.LASF130:
 1080 0144 49544D5F 		.ascii	"ITM_RxBuffer\000"
 1080      52784275 
 1080      66666572 
 1080      00
 1081              	.LASF60:
 1082 0151 666C6173 		.ascii	"flashPipeRequired\000"
 1082      68506970 
 1082      65526571 
 1082      75697265 
 1082      6400
 1083              	.LASF64:
 1084 0163 666C6173 		.ascii	"flashCtlMainWs0Freq\000"
 1084      6843746C 
 1084      4D61696E 
 1084      57733046 
 1084      72657100 
 1085              	.LASF18:
 1086 0177 696E7431 		.ascii	"int16_t\000"
 1086      365F7400 
 1087              	.LASF1:
 1088 017f 6C6F6E67 		.ascii	"long long int\000"
 1088      206C6F6E 
 1088      6720696E 
 1088      7400
 1089              	.LASF3:
 1090 018d 7369676E 		.ascii	"signed char\000"
 1090      65642063 
 1090      68617200 
 1091              	.LASF80:
 1092 0199 70657269 		.ascii	"periDivCmdTypeSelPos\000"
 1092      44697643 
 1092      6D645479 
 1092      70655365 
 1092      6C506F73 
 1093              	.LASF26:
 1094 01ae 70726F74 		.ascii	"protBase\000"
 1094      42617365 
 1094      00
 1095              	.LASF38:
 1096 01b7 69706356 		.ascii	"ipcVersion\000"
 1096      65727369 
 1096      6F6E00
 1097              	.LASF100:
 1098 01c2 63707573 		.ascii	"cpussCm0NmiCtlOffset\000"
 1098      73436D30 
 1098      4E6D6943 
 1098      746C4F66 
 1098      66736574 
 1099              	.LASF117:
 1100 01d7 43595F42 		.ascii	"CY_BLE_ADV_STATE_STOP_INITIATED\000"
 1100      4C455F41 
 1100      44565F53 
 1100      54415445 
 1100      5F53544F 
 1101              	.LASF27:
 1102 01f7 6873696F 		.ascii	"hsiomBase\000"
ARM GAS  C:\Users\hkmnt\AppData\Local\Temp\ccStJvXe.s 			page 22


 1102      6D426173 
 1102      6500
 1103              	.LASF11:
 1104 0201 6C6F6E67 		.ascii	"long int\000"
 1104      20696E74 
 1104      00
 1105              	.LASF93:
 1106 020a 63707573 		.ascii	"cpussCm4ClockCtlOffset\000"
 1106      73436D34 
 1106      436C6F63 
 1106      6B43746C 
 1106      4F666673 
 1107              	.LASF58:
 1108 0221 63727970 		.ascii	"cryptoMemSize\000"
 1108      746F4D65 
 1108      6D53697A 
 1108      6500
 1109              	.LASF118:
 1110 022f 63795F65 		.ascii	"cy_en_ble_adv_state_t\000"
 1110      6E5F626C 
 1110      655F6164 
 1110      765F7374 
 1110      6174655F 
 1111              	.LASF24:
 1112 0245 70657269 		.ascii	"periBase\000"
 1112      42617365 
 1112      00
 1113              	.LASF56:
 1114 024e 73797350 		.ascii	"sysPmSimoPresent\000"
 1114      6D53696D 
 1114      6F507265 
 1114      73656E74 
 1114      00
 1115              	.LASF46:
 1116 025f 63707573 		.ascii	"cpussFmIrq\000"
 1116      73466D49 
 1116      727100
 1117              	.LASF110:
 1118 026a 646F7562 		.ascii	"double\000"
 1118      6C6500
 1119              	.LASF85:
 1120 0271 70657269 		.ascii	"periDiv16_5CtlOffset\000"
 1120      44697631 
 1120      365F3543 
 1120      746C4F66 
 1120      66736574 
 1121              	.LASF49:
 1122 0286 73727373 		.ascii	"srssNumPll\000"
 1122      4E756D50 
 1122      6C6C00
 1123              	.LASF83:
 1124 0291 70657269 		.ascii	"periDiv8CtlOffset\000"
 1124      44697638 
 1124      43746C4F 
 1124      66667365 
 1124      7400
 1125              	.LASF123:
ARM GAS  C:\Users\hkmnt\AppData\Local\Temp\ccStJvXe.s 			page 23


 1126 02a3 43595F42 		.ascii	"CY_BLE_CONN_STATE_CLIENT_INCL_DISCOVERING\000"
 1126      4C455F43 
 1126      4F4E4E5F 
 1126      53544154 
 1126      455F434C 
 1127              	.LASF90:
 1128 02cd 6770696F 		.ascii	"gpioPrtCfgOutOffset\000"
 1128      50727443 
 1128      66674F75 
 1128      744F6666 
 1128      73657400 
 1129              	.LASF23:
 1130 02e1 666C6173 		.ascii	"flashcBase\000"
 1130      68634261 
 1130      736500
 1131              	.LASF12:
 1132 02ec 5F5F7569 		.ascii	"__uint32_t\000"
 1132      6E743332 
 1132      5F7400
 1133              	.LASF53:
 1134 02f7 70617373 		.ascii	"passSarChannels\000"
 1134      53617243 
 1134      68616E6E 
 1134      656C7300 
 1135              	.LASF6:
 1136 0307 5F5F696E 		.ascii	"__int16_t\000"
 1136      7431365F 
 1136      7400
 1137              	.LASF96:
 1138 0311 63707573 		.ascii	"cpussCm4PwrCtlOffset\000"
 1138      73436D34 
 1138      50777243 
 1138      746C4F66 
 1138      66736574 
 1139              	.LASF122:
 1140 0326 43595F42 		.ascii	"CY_BLE_CONN_STATE_CLIENT_SRVC_DISCOVERING\000"
 1140      4C455F43 
 1140      4F4E4E5F 
 1140      53544154 
 1140      455F434C 
 1141              	.LASF91:
 1142 0350 6770696F 		.ascii	"gpioPrtCfgSioOffset\000"
 1142      50727443 
 1142      66675369 
 1142      6F4F6666 
 1142      73657400 
 1143              	.LASF43:
 1144 0364 63707573 		.ascii	"cpussDwChNr\000"
 1144      73447743 
 1144      684E7200 
 1145              	.LASF0:
 1146 0370 756E7369 		.ascii	"unsigned int\000"
 1146      676E6564 
 1146      20696E74 
 1146      00
 1147              	.LASF121:
 1148 037d 43595F42 		.ascii	"CY_BLE_CONN_STATE_CONNECTED\000"
ARM GAS  C:\Users\hkmnt\AppData\Local\Temp\ccStJvXe.s 			page 24


 1148      4C455F43 
 1148      4F4E4E5F 
 1148      53544154 
 1148      455F434F 
 1149              	.LASF125:
 1150 0399 43595F42 		.ascii	"CY_BLE_CONN_STATE_CLIENT_DESCR_DISCOVERING\000"
 1150      4C455F43 
 1150      4F4E4E5F 
 1150      53544154 
 1150      455F434C 
 1151              	.LASF19:
 1152 03c4 75696E74 		.ascii	"uint16_t\000"
 1152      31365F74 
 1152      00
 1153              	.LASF76:
 1154 03cd 70657269 		.ascii	"periTrCmdGrSelMsk\000"
 1154      5472436D 
 1154      64477253 
 1154      656C4D73 
 1154      6B00
 1155              	.LASF13:
 1156 03df 6C6F6E67 		.ascii	"long unsigned int\000"
 1156      20756E73 
 1156      69676E65 
 1156      6420696E 
 1156      7400
 1157              	.LASF41:
 1158 03f1 63707573 		.ascii	"cpussIpcNr\000"
 1158      73497063 
 1158      4E7200
 1159              	.LASF28:
 1160 03fc 6770696F 		.ascii	"gpioBase\000"
 1160      42617365 
 1160      00
 1161              	.LASF66:
 1162 0405 666C6173 		.ascii	"flashCtlMainWs2Freq\000"
 1162      6843746C 
 1162      4D61696E 
 1162      57733246 
 1162      72657100 
 1163              	.LASF77:
 1164 0419 70657269 		.ascii	"periTrGrOffset\000"
 1164      54724772 
 1164      4F666673 
 1164      657400
 1165              	.LASF104:
 1166 0428 63707573 		.ascii	"cpussRam1Ctl0\000"
 1166      7352616D 
 1166      3143746C 
 1166      3000
 1167              	.LASF133:
 1168 0436 63795F62 		.ascii	"cy_ble_connState\000"
 1168      6C655F63 
 1168      6F6E6E53 
 1168      74617465 
 1168      00
 1169              	.LASF136:
ARM GAS  C:\Users\hkmnt\AppData\Local\Temp\ccStJvXe.s 			page 25


 1170 0447 433A5C55 		.ascii	"C:\\Users\\hkmnt\\Documents\\PSoC Creator\\JPHacks\\"
 1170      73657273 
 1170      5C686B6D 
 1170      6E745C44 
 1170      6F63756D 
 1171 0475 4A504861 		.ascii	"JPHacks.cydsn\000"
 1171      636B732E 
 1171      63796473 
 1171      6E00
 1172              	.LASF78:
 1173 0483 70657269 		.ascii	"periTrGrSize\000"
 1173      54724772 
 1173      53697A65 
 1173      00
 1174              	.LASF36:
 1175 0490 6770696F 		.ascii	"gpioVersion\000"
 1175      56657273 
 1175      696F6E00 
 1176              	.LASF108:
 1177 049c 63795F73 		.ascii	"cy_stc_device_t\000"
 1177      74635F64 
 1177      65766963 
 1177      655F7400 
 1178              	.LASF54:
 1179 04ac 65704D6F 		.ascii	"epMonitorNr\000"
 1179      6E69746F 
 1179      724E7200 
 1180              	.LASF101:
 1181 04b8 63707573 		.ascii	"cpussCm4NmiCtlOffset\000"
 1181      73436D34 
 1181      4E6D6943 
 1181      746C4F66 
 1181      66736574 
 1182              	.LASF97:
 1183 04cd 63707573 		.ascii	"cpussTrimRamCtlOffset\000"
 1183      73547269 
 1183      6D52616D 
 1183      43746C4F 
 1183      66667365 
 1184              	.LASF92:
 1185 04e3 63707573 		.ascii	"cpussCm0ClockCtlOffset\000"
 1185      73436D30 
 1185      436C6F63 
 1185      6B43746C 
 1185      4F666673 
 1186              	.LASF112:
 1187 04fa 61747449 		.ascii	"attId\000"
 1187      6400
 1188              	.LASF32:
 1189 0500 63707573 		.ascii	"cpussVersion\000"
 1189      73566572 
 1189      73696F6E 
 1189      00
 1190              	.LASF39:
 1191 050d 70657269 		.ascii	"periVersion\000"
 1191      56657273 
 1191      696F6E00 
ARM GAS  C:\Users\hkmnt\AppData\Local\Temp\ccStJvXe.s 			page 26


 1192              	.LASF95:
 1193 0519 63707573 		.ascii	"cpussCm0StatusOffset\000"
 1193      73436D30 
 1193      53746174 
 1193      75734F66 
 1193      66736574 
 1194              	.LASF15:
 1195 052e 73697A65 		.ascii	"sizetype\000"
 1195      74797065 
 1195      00
 1196              	.LASF69:
 1197 0537 64774368 		.ascii	"dwChOffset\000"
 1197      4F666673 
 1197      657400
 1198              	.LASF44:
 1199 0542 63707573 		.ascii	"cpussFlashPaSize\000"
 1199      73466C61 
 1199      73685061 
 1199      53697A65 
 1199      00
 1200              	.LASF115:
 1201 0553 43595F42 		.ascii	"CY_BLE_ADV_STATE_ADV_INITIATED\000"
 1201      4C455F41 
 1201      44565F53 
 1201      54415445 
 1201      5F414456 
 1202              	.LASF82:
 1203 0572 70657269 		.ascii	"periDivCmdPaTypeSelPos\000"
 1203      44697643 
 1203      6D645061 
 1203      54797065 
 1203      53656C50 
 1204              	.LASF105:
 1205 0589 63707573 		.ascii	"cpussRam2Ctl0\000"
 1205      7352616D 
 1205      3243746C 
 1205      3000
 1206              	.LASF73:
 1207 0597 64775374 		.ascii	"dwStatusChIdxPos\000"
 1207      61747573 
 1207      43684964 
 1207      78506F73 
 1207      00
 1208              	.LASF55:
 1209 05a8 75646250 		.ascii	"udbPresent\000"
 1209      72657365 
 1209      6E7400
 1210              	.LASF127:
 1211 05b3 63795F65 		.ascii	"cy_en_ble_conn_state_t\000"
 1211      6E5F626C 
 1211      655F636F 
 1211      6E6E5F73 
 1211      74617465 
 1212              	.LASF35:
 1213 05ca 666C6173 		.ascii	"flashcVersion\000"
 1213      68635665 
 1213      7273696F 
ARM GAS  C:\Users\hkmnt\AppData\Local\Temp\ccStJvXe.s 			page 27


 1213      6E00
 1214              	.LASF31:
 1215 05d8 63727970 		.ascii	"cryptoBase\000"
 1215      746F4261 
 1215      736500
 1216              	.LASF52:
 1217 05e3 736D6966 		.ascii	"smifDeviceNr\000"
 1217      44657669 
 1217      63654E72 
 1217      00
 1218              	.LASF134:
 1219 05f0 474E5520 		.ascii	"GNU C11 5.4.1 20160609 (release) [ARM/embedded-5-br"
 1219      43313120 
 1219      352E342E 
 1219      31203230 
 1219      31363036 
 1220 0623 616E6368 		.ascii	"anch revision 237715] -mcpu=cortex-m4 -mfloat-abi=s"
 1220      20726576 
 1220      6973696F 
 1220      6E203233 
 1220      37373135 
 1221 0656 6F667466 		.ascii	"oftfp -mfpu=fpv4-sp-d16 -mthumb -g -Og -ffunction-s"
 1221      70202D6D 
 1221      6670753D 
 1221      66707634 
 1221      2D73702D 
 1222 0689 65637469 		.ascii	"ections -ffat-lto-objects\000"
 1222      6F6E7320 
 1222      2D666661 
 1222      742D6C74 
 1222      6F2D6F62 
 1223              	.LASF61:
 1224 06a3 666C6173 		.ascii	"flashWriteDelay\000"
 1224      68577269 
 1224      74654465 
 1224      6C617900 
 1225              	.LASF126:
 1226 06b3 43595F42 		.ascii	"CY_BLE_CONN_STATE_CLIENT_DISCOVERED\000"
 1226      4C455F43 
 1226      4F4E4E5F 
 1226      53544154 
 1226      455F434C 
 1227              	.LASF109:
 1228 06d7 666C6F61 		.ascii	"float\000"
 1228      7400
 1229              	.LASF74:
 1230 06dd 64775374 		.ascii	"dwStatusChIdxMsk\000"
 1230      61747573 
 1230      43684964 
 1230      784D736B 
 1230      00
 1231              	.LASF129:
 1232 06ee 63795F64 		.ascii	"cy_device\000"
 1232      65766963 
 1232      6500
 1233              	.LASF102:
 1234 06f8 63707573 		.ascii	"cpussRomCtl\000"
ARM GAS  C:\Users\hkmnt\AppData\Local\Temp\ccStJvXe.s 			page 28


 1234      73526F6D 
 1234      43746C00 
 1235              	.LASF72:
 1236 0704 64774368 		.ascii	"dwChCtlPreemptablePos\000"
 1236      43746C50 
 1236      7265656D 
 1236      70746162 
 1236      6C65506F 
 1237              	.LASF25:
 1238 071a 75646242 		.ascii	"udbBase\000"
 1238      61736500 
 1239              	.LASF124:
 1240 0722 43595F42 		.ascii	"CY_BLE_CONN_STATE_CLIENT_CHAR_DISCOVERING\000"
 1240      4C455F43 
 1240      4F4E4E5F 
 1240      53544154 
 1240      455F434C 
 1241              	.LASF128:
 1242 074c 5F426F6F 		.ascii	"_Bool\000"
 1242      6C00
 1243              	.LASF20:
 1244 0752 696E7433 		.ascii	"int32_t\000"
 1244      325F7400 
 1245              	.LASF4:
 1246 075a 756E7369 		.ascii	"unsigned char\000"
 1246      676E6564 
 1246      20636861 
 1246      7200
 1247              	.LASF68:
 1248 0768 666C6173 		.ascii	"flashCtlMainWs4Freq\000"
 1248      6843746C 
 1248      4D61696E 
 1248      57733446 
 1248      72657100 
 1249              	.LASF7:
 1250 077c 73686F72 		.ascii	"short int\000"
 1250      7420696E 
 1250      7400
 1251              	.LASF79:
 1252 0786 70657269 		.ascii	"periDivCmdDivSelMsk\000"
 1252      44697643 
 1252      6D644469 
 1252      7653656C 
 1252      4D736B00 
 1253              	.LASF50:
 1254 079a 73727373 		.ascii	"srssNumHfroot\000"
 1254      4E756D48 
 1254      66726F6F 
 1254      7400
 1255              	.LASF63:
 1256 07a8 666C6173 		.ascii	"flashEraseDelay\000"
 1256      68457261 
 1256      73654465 
 1256      6C617900 
 1257              	.LASF21:
 1258 07b8 75696E74 		.ascii	"uint32_t\000"
 1258      33325F74 
ARM GAS  C:\Users\hkmnt\AppData\Local\Temp\ccStJvXe.s 			page 29


 1258      00
 1259              	.LASF2:
 1260 07c1 6C6F6E67 		.ascii	"long double\000"
 1260      20646F75 
 1260      626C6500 
 1261              	.LASF16:
 1262 07cd 63686172 		.ascii	"char\000"
 1262      00
 1263              	.LASF40:
 1264 07d2 70726F74 		.ascii	"protVersion\000"
 1264      56657273 
 1264      696F6E00 
 1265              	.LASF103:
 1266 07de 63707573 		.ascii	"cpussRam0Ctl0\000"
 1266      7352616D 
 1266      3043746C 
 1266      3000
 1267              	.LASF8:
 1268 07ec 5F5F7569 		.ascii	"__uint16_t\000"
 1268      6E743136 
 1268      5F7400
 1269              	.LASF84:
 1270 07f7 70657269 		.ascii	"periDiv16CtlOffset\000"
 1270      44697631 
 1270      3643746C 
 1270      4F666673 
 1270      657400
 1271              	.LASF10:
 1272 080a 5F5F696E 		.ascii	"__int32_t\000"
 1272      7433325F 
 1272      7400
 1273              	.LASF131:
 1274 0814 63795F62 		.ascii	"cy_ble_advState\000"
 1274      6C655F61 
 1274      64765374 
 1274      61746500 
 1275              	.LASF37:
 1276 0824 6873696F 		.ascii	"hsiomVersion\000"
 1276      6D566572 
 1276      73696F6E 
 1276      00
 1277              	.LASF65:
 1278 0831 666C6173 		.ascii	"flashCtlMainWs1Freq\000"
 1278      6843746C 
 1278      4D61696E 
 1278      57733146 
 1278      72657100 
 1279              	.LASF9:
 1280 0845 73686F72 		.ascii	"short unsigned int\000"
 1280      7420756E 
 1280      7369676E 
 1280      65642069 
 1280      6E7400
 1281              	.LASF70:
 1282 0858 64774368 		.ascii	"dwChSize\000"
 1282      53697A65 
 1282      00
ARM GAS  C:\Users\hkmnt\AppData\Local\Temp\ccStJvXe.s 			page 30


 1283              	.LASF106:
 1284 0861 69706353 		.ascii	"ipcStructSize\000"
 1284      74727563 
 1284      7453697A 
 1284      6500
 1285              	.LASF45:
 1286 086f 63707573 		.ascii	"cpussIpc0Irq\000"
 1286      73497063 
 1286      30497271 
 1286      00
 1287              	.LASF88:
 1288 087c 6770696F 		.ascii	"gpioPrtCfgOffset\000"
 1288      50727443 
 1288      66674F66 
 1288      66736574 
 1288      00
 1289              	.LASF119:
 1290 088d 43595F42 		.ascii	"CY_BLE_CONN_STATE_DISCONNECTED\000"
 1290      4C455F43 
 1290      4F4E4E5F 
 1290      53544154 
 1290      455F4449 
 1291              	.LASF132:
 1292 08ac 63795F62 		.ascii	"cy_ble_connHandle\000"
 1292      6C655F63 
 1292      6F6E6E48 
 1292      616E646C 
 1292      6500
 1293              	.LASF47:
 1294 08be 63707573 		.ascii	"cpussNotConnectedIrq\000"
 1294      734E6F74 
 1294      436F6E6E 
 1294      65637465 
 1294      64497271 
 1295              	.LASF116:
 1296 08d3 43595F42 		.ascii	"CY_BLE_ADV_STATE_ADVERTISING\000"
 1296      4C455F41 
 1296      44565F53 
 1296      54415445 
 1296      5F414456 
 1297              	.LASF114:
 1298 08f0 43595F42 		.ascii	"CY_BLE_ADV_STATE_STOPPED\000"
 1298      4C455F41 
 1298      44565F53 
 1298      54415445 
 1298      5F53544F 
 1299              	.LASF17:
 1300 0909 75696E74 		.ascii	"uint8_t\000"
 1300      385F7400 
 1301              	.LASF94:
 1302 0911 63707573 		.ascii	"cpussCm4StatusOffset\000"
 1302      73436D34 
 1302      53746174 
 1302      75734F66 
 1302      66736574 
 1303              	.LASF87:
 1304 0926 6770696F 		.ascii	"gpioPrtIntrCfgOffset\000"
ARM GAS  C:\Users\hkmnt\AppData\Local\Temp\ccStJvXe.s 			page 31


 1304      50727449 
 1304      6E747243 
 1304      66674F66 
 1304      66736574 
 1305              	.LASF98:
 1306 093b 63707573 		.ascii	"cpussTrimRomCtlOffset\000"
 1306      73547269 
 1306      6D526F6D 
 1306      43746C4F 
 1306      66667365 
 1307              	.LASF111:
 1308 0951 62644861 		.ascii	"bdHandle\000"
 1308      6E646C65 
 1308      00
 1309              	.LASF48:
 1310 095a 73727373 		.ascii	"srssNumClkpath\000"
 1310      4E756D43 
 1310      6C6B7061 
 1310      746800
 1311              	.LASF34:
 1312 0969 64775665 		.ascii	"dwVersion\000"
 1312      7273696F 
 1312      6E00
 1313              	.LASF30:
 1314 0973 69706342 		.ascii	"ipcBase\000"
 1314      61736500 
 1315              	.LASF81:
 1316 097b 70657269 		.ascii	"periDivCmdPaDivSelPos\000"
 1316      44697643 
 1316      6D645061 
 1316      44697653 
 1316      656C506F 
 1317              	.LASF62:
 1318 0991 666C6173 		.ascii	"flashProgramDelay\000"
 1318      6850726F 
 1318      6772616D 
 1318      44656C61 
 1318      7900
 1319              	.LASF120:
 1320 09a3 43595F42 		.ascii	"CY_BLE_CONN_STATE_CLIENT_DISCONNECTED_DISCOVERED\000"
 1320      4C455F43 
 1320      4F4E4E5F 
 1320      53544154 
 1320      455F434C 
 1321              	.LASF59:
 1322 09d4 666C6173 		.ascii	"flashRwwRequired\000"
 1322      68527777 
 1322      52657175 
 1322      69726564 
 1322      00
 1323              		.ident	"GCC: (GNU Tools for ARM Embedded Processors) 5.4.1 20160609 (release) [ARM/embedded-5-bran
