Loading plugins phase: Elapsed time ==> 0s.138ms
<CYPRESSTAG name="CyDsfit arguments...">
cydsfit arguments: -.fdsnotice -.fdswarpdepfile=warp_dependencies.txt -.fdselabdepfile=elab_dependencies.txt -.fdsbldfile=generated_files.txt -.fdsreffile=referenced_files.txt -p C:\Users\hkmnt\Documents\PSoC Creator\JPHacks\JPHacks.cydsn\JPHacks.cyprj -d CYBLE-416045-02 -s C:\Users\hkmnt\Documents\PSoC Creator\JPHacks\JPHacks.cydsn\Generated_Source\PSoC6 -- -yv2 -q10 -ygs -o2 -v3 -.fftcfgtype=LE
</CYPRESSTAG>
ADD: fit.M0067: information: Clock Information: (The WCO is enabled. Chip startup will be slower because clock configuration cannot continue until the WCO is ready. See the device datasheet for WCO startup timing. If WCO is not required during startup, consider starting it in main() for faster chip startup.).
 * C:\Users\hkmnt\Documents\PSoC Creator\JPHacks\JPHacks.cydsn\JPHacks.cydwr (WCO)

<CYPRESSTAG name="Design elaboration results...">
ADD: fit.M0062: information: Interrupt "UART_DEBUG_SCB_IRQ" is currently not mapped to a core on the device.
 * C:\Users\hkmnt\Documents\PSoC Creator\JPHacks\JPHacks.cydsn\JPHacks.cydwr (UART_DEBUG_SCB_IRQ)

</CYPRESSTAG>
Elaboration phase: Elapsed time ==> 3s.063ms
<CYPRESSTAG name="HDL generation results...">
</CYPRESSTAG>
HDL generation phase: Elapsed time ==> 0s.116ms
<CYPRESSTAG name="Synthesis results...">

     | | | | | | |
   _________________
  -|               |-
  -|               |-
  -|               |-
  -|    CYPRESS    |-
  -|               |-
  -|               |-   Warp Verilog Synthesis Compiler: Version 6.3 IR 41
  -|               |-   Copyright (C) 1991-2001 Cypress Semiconductor
   |_______________|
     | | | | | | |

======================================================================
Compiling:  JPHacks.v
Program  :   C:\Program Files (x86)\Cypress\PSoC Creator\4.4\PSoC Creator\warp\bin\warp.exe
Options  :    -yv2 -q10 -ygs -o2 -v3 -.fftcfgtype=LE -ya -.fftprj=C:\Users\hkmnt\Documents\PSoC Creator\JPHacks\JPHacks.cydsn\JPHacks.cyprj -dcpsoc3 JPHacks.v -verilog
======================================================================

======================================================================
Compiling:  JPHacks.v
Program  :   C:\Program Files (x86)\Cypress\PSoC Creator\4.4\PSoC Creator\warp\bin\warp.exe
Options  :    -yv2 -q10 -ygs -o2 -v3 -.fftcfgtype=LE -ya -.fftprj=C:\Users\hkmnt\Documents\PSoC Creator\JPHacks\JPHacks.cydsn\JPHacks.cyprj -dcpsoc3 JPHacks.v -verilog
======================================================================

======================================================================
Compiling:  JPHacks.v
Program  :   vlogfe
Options  :    -yv2 -q10 -ygs -o2 -v3 -.fftcfgtype=LE -ya -.fftprj=C:\Users\hkmnt\Documents\PSoC Creator\JPHacks\JPHacks.cydsn\JPHacks.cyprj -dcpsoc3 -verilog JPHacks.v
======================================================================

vlogfe V6.3 IR 41:  Verilog parser
Sat Nov 07 13:00:36 2020


======================================================================
Compiling:  JPHacks.v
Program  :   vpp
Options  :    -yv2 -q10 JPHacks.v
======================================================================

vpp V6.3 IR 41:  Verilog Pre-Processor
Sat Nov 07 13:00:36 2020

Flattening file 'C:\Program Files (x86)\Cypress\PSoC Creator\4.4\PSoC Creator\psoc\content\CyPrimitives\cyprimitives.cylib\cy_virtualmux_v1_0\cy_virtualmux_v1_0.v'
Flattening file 'C:\Program Files (x86)\Cypress\PSoC Creator\4.4\PSoC Creator\psoc\content\CyPrimitives\cyprimitives.cylib\ZeroTerminal\ZeroTerminal.v'
Flattening file 'C:\Program Files (x86)\Cypress\PSoC Creator\4.4\PSoC Creator\psoc\content\CyPrimitives\cyprimitives.cylib\or_v1_0\or_v1_0.v'
Flattening file 'C:\Program Files (x86)\Cypress\PSoC Creator\4.4\PSoC Creator\psoc\content\CyPrimitives\cyprimitives.cylib\cy_analog_virtualmux_v1_0\cy_analog_virtualmux_v1_0.v'
Flattening file 'C:\Program Files (x86)\Cypress\PSoC Creator\4.4\PSoC Creator\psoc\content\CyComponentLibrary\CyComponentLibrary.cylib\Bus_Connect_v2_50\Bus_Connect_v2_50.v'
Flattening file 'C:\Program Files (x86)\Cypress\PSoC Creator\4.4\PSoC Creator\warp\lib\common\cypress.v'
Flattening file 'C:\Program Files (x86)\Cypress\PSoC Creator\4.4\PSoC Creator\warp\lib\common\cy_psoc3_inc.v'
Flattening file 'C:\Program Files (x86)\Cypress\PSoC Creator\4.4\PSoC Creator\psoc\content\CyPrimitives\cyprimitives.cylib\cy_constant_v1_0\cy_constant_v1_0.v'
Flattening file 'C:\Program Files (x86)\Cypress\PSoC Creator\4.4\PSoC Creator\psoc\content\CyPrimitives\cyprimitives.cylib\cy_vref_v1_70\cy_vref_v1_70.v'

vpp:  No errors.

Library 'work' => directory 'lcpsoc3'
General_symbol_table
General_symbol_table
Linking 'C:\Program Files (x86)\Cypress\PSoC Creator\4.4\PSoC Creator\warp\lib\common\std.vhd'.
Linking 'C:\Program Files (x86)\Cypress\PSoC Creator\4.4\PSoC Creator\warp\lib\common\cypress.vhd'.
Linking 'C:\Program Files (x86)\Cypress\PSoC Creator\4.4\PSoC Creator\warp\lib\common\work\cypress.vif'.
Linking 'C:\Program Files (x86)\Cypress\PSoC Creator\4.4\PSoC Creator\warp\lib\ieee\work\stdlogic.vif'.
Linking 'C:\Program Files (x86)\Cypress\PSoC Creator\4.4\PSoC Creator\warp\lib\common\stdlogic\lpmpkg.vif'.
Linking 'C:\Program Files (x86)\Cypress\PSoC Creator\4.4\PSoC Creator\warp\lib\common\stdlogic\rtlpkg.vif'.
Linking 'C:\Program Files (x86)\Cypress\PSoC Creator\4.4\PSoC Creator\warp\lib\common\stdlogic\mod_cnst.vif'.
Linking 'C:\Program Files (x86)\Cypress\PSoC Creator\4.4\PSoC Creator\warp\lib\common\stdlogic\mod_mthv.vif'.
Linking 'C:\Program Files (x86)\Cypress\PSoC Creator\4.4\PSoC Creator\warp\lib\common\stdlogic\mod_genv.vif'.
Using control file 'JPHacks.ctl'.

vlogfe:  No errors.


======================================================================
Compiling:  JPHacks.v
Program  :   tovif
Options  :    -yv2 -q10 -ygs -o2 -v3 -.fftcfgtype=LE -ya -.fftprj=C:\Users\hkmnt\Documents\PSoC Creator\JPHacks\JPHacks.cydsn\JPHacks.cyprj -dcpsoc3 -verilog JPHacks.v
======================================================================

tovif V6.3 IR 41:  High-level synthesis
Sat Nov 07 13:00:37 2020

Linking 'C:\Program Files (x86)\Cypress\PSoC Creator\4.4\PSoC Creator\warp\lib\common\std.vhd'.
Linking 'C:\Program Files (x86)\Cypress\PSoC Creator\4.4\PSoC Creator\warp\lib\common\cypress.vhd'.
Linking 'C:\Program Files (x86)\Cypress\PSoC Creator\4.4\PSoC Creator\warp\lib\common\work\cypress.vif'.
Linking 'C:\Program Files (x86)\Cypress\PSoC Creator\4.4\PSoC Creator\warp\lib\ieee\work\stdlogic.vif'.
Linking 'C:\Program Files (x86)\Cypress\PSoC Creator\4.4\PSoC Creator\warp\lib\common\stdlogic\lpmpkg.vif'.
Linking 'C:\Program Files (x86)\Cypress\PSoC Creator\4.4\PSoC Creator\warp\lib\common\stdlogic\rtlpkg.vif'.
Linking 'C:\Program Files (x86)\Cypress\PSoC Creator\4.4\PSoC Creator\warp\lib\common\stdlogic\mod_cnst.vif'.
Linking 'C:\Program Files (x86)\Cypress\PSoC Creator\4.4\PSoC Creator\warp\lib\common\stdlogic\mod_mthv.vif'.
Linking 'C:\Program Files (x86)\Cypress\PSoC Creator\4.4\PSoC Creator\warp\lib\common\stdlogic\mod_genv.vif'.
Linking 'C:\Users\hkmnt\Documents\PSoC Creator\JPHacks\JPHacks.cydsn\codegentemp\JPHacks.ctl'.
Linking 'C:\Program Files (x86)\Cypress\PSoC Creator\4.4\PSoC Creator\psoc\content\CyPrimitives\cyprimitives.cylib\cy_virtualmux_v1_0\cy_virtualmux_v1_0.v'.
Linking 'C:\Users\hkmnt\Documents\PSoC Creator\JPHacks\JPHacks.cydsn\codegentemp\JPHacks.v'.
Linking 'C:\Program Files (x86)\Cypress\PSoC Creator\4.4\PSoC Creator\psoc\content\CyPrimitives\cyprimitives.cylib\ZeroTerminal\ZeroTerminal.v'.
Linking 'C:\Program Files (x86)\Cypress\PSoC Creator\4.4\PSoC Creator\psoc\content\CyPrimitives\cyprimitives.cylib\or_v1_0\or_v1_0.v'.
Linking 'C:\Program Files (x86)\Cypress\PSoC Creator\4.4\PSoC Creator\psoc\content\CyPrimitives\cyprimitives.cylib\cy_analog_virtualmux_v1_0\cy_analog_virtualmux_v1_0.v'.
Linking 'C:\Program Files (x86)\Cypress\PSoC Creator\4.4\PSoC Creator\psoc\content\CyComponentLibrary\CyComponentLibrary.cylib\Bus_Connect_v2_50\Bus_Connect_v2_50.v'.
Linking 'C:\Program Files (x86)\Cypress\PSoC Creator\4.4\PSoC Creator\warp\lib\common\cypress.v'.
Linking 'C:\Program Files (x86)\Cypress\PSoC Creator\4.4\PSoC Creator\warp\lib\common\cy_psoc3_inc.v'.
Linking 'C:\Program Files (x86)\Cypress\PSoC Creator\4.4\PSoC Creator\psoc\content\CyPrimitives\cyprimitives.cylib\cy_constant_v1_0\cy_constant_v1_0.v'.
Linking 'C:\Program Files (x86)\Cypress\PSoC Creator\4.4\PSoC Creator\psoc\content\CyPrimitives\cyprimitives.cylib\cy_vref_v1_70\cy_vref_v1_70.v'.

tovif:  No errors.


======================================================================
Compiling:  JPHacks.v
Program  :   topld
Options  :    -yv2 -q10 -ygs -o2 -v3 -.fftcfgtype=LE -ya -.fftprj=C:\Users\hkmnt\Documents\PSoC Creator\JPHacks\JPHacks.cydsn\JPHacks.cyprj -dcpsoc3 -verilog JPHacks.v
======================================================================

topld V6.3 IR 41:  Synthesis and optimization
Sat Nov 07 13:00:37 2020

Linking 'C:\Program Files (x86)\Cypress\PSoC Creator\4.4\PSoC Creator\warp\lib\common\std.vhd'.
Linking 'C:\Program Files (x86)\Cypress\PSoC Creator\4.4\PSoC Creator\warp\lib\common\cypress.vhd'.
Linking 'C:\Program Files (x86)\Cypress\PSoC Creator\4.4\PSoC Creator\warp\lib\common\work\cypress.vif'.
Linking 'C:\Program Files (x86)\Cypress\PSoC Creator\4.4\PSoC Creator\warp\lib\ieee\work\stdlogic.vif'.
Linking 'C:\Program Files (x86)\Cypress\PSoC Creator\4.4\PSoC Creator\warp\lib\common\stdlogic\lpmpkg.vif'.
Linking 'C:\Program Files (x86)\Cypress\PSoC Creator\4.4\PSoC Creator\warp\lib\common\stdlogic\rtlpkg.vif'.
Linking 'C:\Program Files (x86)\Cypress\PSoC Creator\4.4\PSoC Creator\warp\lib\common\stdlogic\mod_cnst.vif'.
Linking 'C:\Program Files (x86)\Cypress\PSoC Creator\4.4\PSoC Creator\warp\lib\common\stdlogic\mod_mthv.vif'.
Linking 'C:\Program Files (x86)\Cypress\PSoC Creator\4.4\PSoC Creator\warp\lib\common\stdlogic\mod_genv.vif'.
Linking 'C:\Users\hkmnt\Documents\PSoC Creator\JPHacks\JPHacks.cydsn\codegentemp\JPHacks.ctl'.
Linking 'C:\Program Files (x86)\Cypress\PSoC Creator\4.4\PSoC Creator\psoc\content\CyPrimitives\cyprimitives.cylib\cy_virtualmux_v1_0\cy_virtualmux_v1_0.v'.
Linking 'C:\Users\hkmnt\Documents\PSoC Creator\JPHacks\JPHacks.cydsn\codegentemp\JPHacks.v'.
Linking 'C:\Program Files (x86)\Cypress\PSoC Creator\4.4\PSoC Creator\psoc\content\CyPrimitives\cyprimitives.cylib\ZeroTerminal\ZeroTerminal.v'.
Linking 'C:\Program Files (x86)\Cypress\PSoC Creator\4.4\PSoC Creator\psoc\content\CyPrimitives\cyprimitives.cylib\or_v1_0\or_v1_0.v'.
Linking 'C:\Program Files (x86)\Cypress\PSoC Creator\4.4\PSoC Creator\psoc\content\CyPrimitives\cyprimitives.cylib\cy_analog_virtualmux_v1_0\cy_analog_virtualmux_v1_0.v'.
Linking 'C:\Program Files (x86)\Cypress\PSoC Creator\4.4\PSoC Creator\psoc\content\CyComponentLibrary\CyComponentLibrary.cylib\Bus_Connect_v2_50\Bus_Connect_v2_50.v'.
Linking 'C:\Program Files (x86)\Cypress\PSoC Creator\4.4\PSoC Creator\warp\lib\common\cypress.v'.
Linking 'C:\Program Files (x86)\Cypress\PSoC Creator\4.4\PSoC Creator\warp\lib\common\cy_psoc3_inc.v'.
Linking 'C:\Program Files (x86)\Cypress\PSoC Creator\4.4\PSoC Creator\psoc\content\CyPrimitives\cyprimitives.cylib\cy_constant_v1_0\cy_constant_v1_0.v'.
Linking 'C:\Program Files (x86)\Cypress\PSoC Creator\4.4\PSoC Creator\psoc\content\CyPrimitives\cyprimitives.cylib\cy_vref_v1_70\cy_vref_v1_70.v'.
Linking 'C:\Program Files (x86)\Cypress\PSoC Creator\4.4\PSoC Creator\warp\lib\lcpsoc3\stdlogic\cpsoc3.vif'.

----------------------------------------------------------
Detecting unused logic.
----------------------------------------------------------
    User names
	\UART_DEBUG:Net_22\
	\UART_DEBUG:Net_23\
	Net_80
	Net_81
	Net_84
	Net_86
	Net_87
	\I2C_Pressure:Net_224\
	\I2C_Pressure:Net_223\
	\ADC_Photoresistor:Net_34\
	\ADC_Photoresistor:Net_33\
	Net_112


Deleted 12 User equations/components.
Deleted 0 Synthesized equations/components.

------------------------------------------------------
Alias Detection
------------------------------------------------------
Aliasing \UART_DEBUG:cts_wire\ to zero
Aliasing \I2C_Pressure:Net_283\ to zero
Aliasing \I2C_Pressure:Net_282\ to zero
Aliasing \I2C_Pressure:Net_281\ to zero
Aliasing \I2C_Pressure:Net_280\ to zero
Aliasing \I2C_Pressure:Net_279\ to zero
Aliasing \I2C_Pressure:Net_278\ to zero
Aliasing \ADC_Photoresistor:Net_40\ to zero
Aliasing \ADC_Photoresistor:Net_41\ to zero
Aliasing \ADC_Photoresistor:Net_42\ to zero
Aliasing \ADC_Photoresistor:Net_43\ to zero
Aliasing \ADC_Photoresistor:st_sel_1\ to zero
Aliasing \ADC_Photoresistor:st_sel_0\ to zero
Aliasing \ADC_Photoresistor:Net_29\ to zero
Removing Lhs of wire \UART_DEBUG:clock_wire\[26] = \UART_DEBUG:Net_847\[25]
Removing Lhs of wire \UART_DEBUG:rx_wire\[38] = \UART_DEBUG:Net_1172\[35]
Removing Lhs of wire \UART_DEBUG:cts_wire\[39] = zero[13]
Removing Rhs of wire \I2C_Pressure:clock_wire\[91] = \I2C_Pressure:Net_847\[116]
Removing Lhs of wire \I2C_Pressure:Net_283\[92] = zero[13]
Removing Lhs of wire \I2C_Pressure:Net_282\[95] = zero[13]
Removing Lhs of wire \I2C_Pressure:Net_281\[100] = zero[13]
Removing Lhs of wire \I2C_Pressure:Net_280\[105] = zero[13]
Removing Lhs of wire \I2C_Pressure:Net_279\[107] = zero[13]
Removing Lhs of wire \I2C_Pressure:Net_278\[108] = zero[13]
Removing Lhs of wire \ADC_Photoresistor:Net_40\[156] = zero[13]
Removing Lhs of wire \ADC_Photoresistor:Net_41\[157] = zero[13]
Removing Lhs of wire \ADC_Photoresistor:Net_42\[158] = zero[13]
Removing Lhs of wire \ADC_Photoresistor:Net_43\[159] = zero[13]
Removing Lhs of wire \ADC_Photoresistor:st_sel_1\[160] = zero[13]
Removing Lhs of wire \ADC_Photoresistor:st_sel_0\[161] = zero[13]
Removing Lhs of wire \ADC_Photoresistor:sarClock\[162] = \ADC_Photoresistor:Net_428\[143]
Removing Lhs of wire \ADC_Photoresistor:Net_415\[163] = zero[13]
Removing Lhs of wire \ADC_Photoresistor:Net_29\[164] = zero[13]

------------------------------------------------------
Aliased 0 equations, 19 wires.
------------------------------------------------------

----------------------------------------------------------
Circuit simplification
----------------------------------------------------------

Substituting virtuals - pass 1:


----------------------------------------------------------
Circuit simplification results:

	Expanded 0 signals.
	Turned 0 signals into soft nodes.
	Maximum default expansion cost was set at 3.
----------------------------------------------------------

topld:  No errors.

CYPRESS_DIR    : C:\Program Files (x86)\Cypress\PSoC Creator\4.4\PSoC Creator\warp
Warp Program   : C:\Program Files (x86)\Cypress\PSoC Creator\4.4\PSoC Creator\warp\bin\warp.exe
Warp Arguments : -yv2 -q10 -ygs -o2 -v3 -.fftcfgtype=LE -ya "-.fftprj=C:\Users\hkmnt\Documents\PSoC Creator\JPHacks\JPHacks.cydsn\JPHacks.cyprj" -dcpsoc3 JPHacks.v -verilog
</CYPRESSTAG>
Warp synthesis phase: Elapsed time ==> 2s.406ms
<CYPRESSTAG name="Fitter results...">
<CYPRESSTAG name="Fitter startup details...">
cyp3fit: V4.4.0.80, Family: PSoC3, Started at: Saturday, 07 November 2020 13:00:38
Options: -yv2 -q10 -ygs -o2 -v3 -.fftcfgtype=LE -ya -.fftprj=C:\Users\hkmnt\Documents\PSoC Creator\JPHacks\JPHacks.cydsn\JPHacks.cyprj -d CYBLE-416045-02 JPHacks.v -verilog
</CYPRESSTAG>
<CYPRESSTAG name="Design parsing">
Design parsing phase: Elapsed time ==> 0s.571ms
</CYPRESSTAG>
<CYPRESSTAG name="Tech Mapping">
<CYPRESSTAG name="Initial Mapping" icon="FILE_RPT_TECHM">
<CYPRESSTAG name="Global Clock Selection" icon="FILE_RPT_TECHM">
    Fixed Function Clock 0: Automatic-assigning  clock 'I2C_Pressure_SCBCLK'. Signal=\I2C_Pressure:clock_wire_ff0\
    Fixed Function Clock 49: Automatic-assigning  clock 'ADC_Photoresistor_intSarClock'. Signal=\ADC_Photoresistor:Net_428_ff49\
    Fixed Function Clock 1: Automatic-assigning  clock 'UART_DEBUG_SCBCLK'. Signal=\UART_DEBUG:Net_847_ff1\
<CYPRESSTAG name="UDB Clock/Enable Remapping Results">
</CYPRESSTAG>
</CYPRESSTAG>
ADD: pft.M0040: information: The following 1 pin(s) will be assigned a location by the fitter: Disconnect_LED(0)

Info: plm.M0038: The pin named CY_CPUSS_SWJ_SWCLK_TCLK(0) at location P6[7] prevents usage of special purposes: SCB[6].uart_cts. (App=cydsfit)
Info: plm.M0038: The pin named CY_CPUSS_SWJ_SWCLK_TCLK(0) at location P6[7] prevents usage of special purposes: SCB[6].spi_select[0]. (App=cydsfit)
Info: plm.M0038: The pin named CY_CPUSS_SWJ_SWCLK_TCLK(0) at location P6[7] prevents usage of special purposes: SCB[8].spi_select[0]. (App=cydsfit)
Info: plm.M0038: The pin named CY_CPUSS_SWJ_SWCLK_TCLK(0) at location P6[7] prevents usage of special purposes: SRSS[0].swd_clk. (App=cydsfit)
Info: plm.M0038: The pin named CY_CPUSS_SWJ_SWDIO_TMS(0) at location P6[6] prevents usage of special purposes: SCB[6].uart_rts. (App=cydsfit)
Info: plm.M0038: The pin named CY_CPUSS_SWJ_SWDIO_TMS(0) at location P6[6] prevents usage of special purposes: SCB[6].spi_clk. (App=cydsfit)
Info: plm.M0038: The pin named CY_CPUSS_SWJ_SWDIO_TMS(0) at location P6[6] prevents usage of special purposes: SCB[8].spi_clk. (App=cydsfit)
Info: plm.M0038: The pin named CY_CPUSS_SWJ_SWDIO_TMS(0) at location P6[6] prevents usage of special purposes: SRSS[0].swd_data. (App=cydsfit)
Info: plm.M0038: The pin named CY_SRSS_WCO_IN(0) at location P0[0] prevents usage of special purposes: SCB[0].spi_select[1]. (App=cydsfit)
Info: plm.M0038: The pin named CY_SRSS_WCO_OUT(0) at location P0[1] prevents usage of special purposes: SCB[0].spi_select[2]. (App=cydsfit)
Info: plm.M0038: The pin named CY_SRSS_WCO_OUT(0) at location P0[1] prevents usage of special purposes: CPUSS[0].swj_trstn. (App=cydsfit)

Removing unused cells resulting from optimization
Done removing unused cells.
<CYPRESSTAG name="Duplicate Macrocell detection">
</CYPRESSTAG>
</CYPRESSTAG>
<CYPRESSTAG name="Duplicate Macrocell detection">
</CYPRESSTAG>
<CYPRESSTAG name="Design Equations" icon="FILE_RPT_EQUATION">

------------------------------------------------------------
Design Equations
------------------------------------------------------------
    <CYPRESSTAG name="Pin listing">

    ------------------------------------------------------------
    Pin listing
    ------------------------------------------------------------

    Pin : Name = CY_CPUSS_SWJ_SWCLK_TCLK(0)
        Attributes:
            In Group/Port: True
            In Sync Option: AUTO
            Out Sync Option: AUTO
            Interrupt generated: False
            Interrupt mode: NONE
            Drive mode: RES_PULL_DOWN
            VTrip: CMOS
            Slew: FAST
            Input Sync needed: False
            Output Sync needed: False
            SC shield enabled: False
            POR State: INP_DIS_HI_Z
            LCD Mode: COMMON
            Register Mode: RegComb
            CaSense Mode: NEITHER
            Treat as pin: True
            Is OE Registered: False
            Uses Analog: False
            Can contain Digital: True
            Is SIO: False
            SIO Output Buf: NONREGULATED
            SIO Input Buf: SINGLE_ENDED
            SIO HiFreq: LOW
            SIO Hyst: DISABLED
            SIO Vtrip: MULTIPLIER_0_5
            SIO Multiplier Index: 0
            SIO RefSel: VCC_IO
            Required Capabilities: DIGITAL
            Initial Value: 0
            IO Voltage: 0
        PORT MAP (
            pa_out => CY_CPUSS_SWJ_SWCLK_TCLK(0)__PA ,
            fb => CPUSS_swj_swclk_tclk );

    Pin : Name = CY_CPUSS_SWJ_SWDIO_TMS(0)
        Attributes:
            In Group/Port: True
            In Sync Option: AUTO
            Out Sync Option: AUTO
            Interrupt generated: False
            Interrupt mode: NONE
            Drive mode: RES_PULL_UP
            VTrip: CMOS
            Slew: FAST
            Input Sync needed: False
            Output Sync needed: False
            SC shield enabled: False
            POR State: INP_DIS_HI_Z
            LCD Mode: COMMON
            Register Mode: RegComb
            CaSense Mode: NEITHER
            Treat as pin: True
            Is OE Registered: False
            Uses Analog: False
            Can contain Digital: True
            Is SIO: False
            SIO Output Buf: NONREGULATED
            SIO Input Buf: SINGLE_ENDED
            SIO HiFreq: LOW
            SIO Hyst: DISABLED
            SIO Vtrip: MULTIPLIER_0_5
            SIO Multiplier Index: 0
            SIO RefSel: VCC_IO
            Required Capabilities: DIGITAL
            Initial Value: 0
            IO Voltage: 0
        PORT MAP (
            pa_out => CY_CPUSS_SWJ_SWDIO_TMS(0)__PA ,
            fb => CPUSS_swj_swdio_tms );

    Pin : Name = CY_SRSS_WCO_IN(0)
        Attributes:
            In Group/Port: True
            In Sync Option: AUTO
            Out Sync Option: AUTO
            Interrupt generated: False
            Interrupt mode: NONE
            Drive mode: HI_Z_ANALOG
            VTrip: CMOS
            Slew: FAST
            Input Sync needed: False
            Output Sync needed: False
            SC shield enabled: False
            POR State: INP_DIS_HI_Z
            LCD Mode: COMMON
            Register Mode: RegComb
            CaSense Mode: NEITHER
            Treat as pin: True
            Is OE Registered: False
            Uses Analog: True
            Can contain Digital: True
            Is SIO: False
            SIO Output Buf: NONREGULATED
            SIO Input Buf: SINGLE_ENDED
            SIO HiFreq: LOW
            SIO Hyst: DISABLED
            SIO Vtrip: MULTIPLIER_0_5
            SIO Multiplier Index: 0
            SIO RefSel: VCC_IO
            Required Capabilities: NONE
            Initial Value: 0
            IO Voltage: 0
        PORT MAP (
            pa_out => CY_SRSS_WCO_IN(0)__PA ,
            analog_term => SRSS_wco_in );

    Pin : Name = CY_SRSS_WCO_OUT(0)
        Attributes:
            In Group/Port: True
            In Sync Option: AUTO
            Out Sync Option: AUTO
            Interrupt generated: False
            Interrupt mode: NONE
            Drive mode: HI_Z_ANALOG
            VTrip: CMOS
            Slew: FAST
            Input Sync needed: False
            Output Sync needed: False
            SC shield enabled: False
            POR State: INP_DIS_HI_Z
            LCD Mode: COMMON
            Register Mode: RegComb
            CaSense Mode: NEITHER
            Treat as pin: True
            Is OE Registered: False
            Uses Analog: True
            Can contain Digital: True
            Is SIO: False
            SIO Output Buf: NONREGULATED
            SIO Input Buf: SINGLE_ENDED
            SIO HiFreq: LOW
            SIO Hyst: DISABLED
            SIO Vtrip: MULTIPLIER_0_5
            SIO Multiplier Index: 0
            SIO RefSel: VCC_IO
            Required Capabilities: NONE
            Initial Value: 0
            IO Voltage: 0
        PORT MAP (
            pa_out => CY_SRSS_WCO_OUT(0)__PA ,
            analog_term => SRSS_wco_out );

    Pin : Name = Hibernate_Wakeup_SW(0)
        Attributes:
            In Group/Port: True
            In Sync Option: NOSYNC
            Out Sync Option: AUTO
            Interrupt generated: False
            Interrupt mode: NONE
            Drive mode: RES_PULL_UP
            VTrip: CMOS
            Slew: FAST
            Input Sync needed: False
            Output Sync needed: False
            SC shield enabled: False
            POR State: INP_DIS_HI_Z
            LCD Mode: COMMON
            Register Mode: RegComb
            CaSense Mode: NEITHER
            Treat as pin: True
            Is OE Registered: False
            Uses Analog: False
            Can contain Digital: True
            Is SIO: False
            SIO Output Buf: NONREGULATED
            SIO Input Buf: SINGLE_ENDED
            SIO HiFreq: LOW
            SIO Hyst: DISABLED
            SIO Vtrip: MULTIPLIER_0_5
            SIO Multiplier Index: 0
            SIO RefSel: VCC_IO
            Required Capabilities: DIGITAL
            Initial Value: 1
            IO Voltage: 0
        PORT MAP (
            pa_out => Hibernate_Wakeup_SW(0)__PA ,
            annotation => Net_74 ,
            pad => Hibernate_Wakeup_SW(0)_PAD );
        Properties:
        {
        }

    Pin : Name = \UART_DEBUG:tx(0)\
        Attributes:
            In Group/Port: True
            In Sync Option: AUTO
            Out Sync Option: NOSYNC
            Interrupt generated: False
            Interrupt mode: NONE
            Drive mode: CMOS_OUT
            VTrip: CMOS
            Slew: FAST
            Input Sync needed: False
            Output Sync needed: False
            SC shield enabled: False
            POR State: INP_DIS_HI_Z
            LCD Mode: COMMON
            Register Mode: RegComb
            CaSense Mode: NEITHER
            Treat as pin: True
            Is OE Registered: False
            Uses Analog: False
            Can contain Digital: True
            Is SIO: False
            SIO Output Buf: NONREGULATED
            SIO Input Buf: SINGLE_ENDED
            SIO HiFreq: LOW
            SIO Hyst: DISABLED
            SIO Vtrip: MULTIPLIER_0_5
            SIO Multiplier Index: 0
            SIO RefSel: VCC_IO
            Required Capabilities: DIGITAL
            Initial Value: 1
            IO Voltage: 0
        PORT MAP (
            pa_out => \UART_DEBUG:tx(0)\__PA ,
            pin_input => \UART_DEBUG:tx_wire\ ,
            pad => \UART_DEBUG:tx(0)_PAD\ );
        Properties:
        {
        }

    Pin : Name = \UART_DEBUG:rx(0)\
        Attributes:
            In Group/Port: True
            In Sync Option: NOSYNC
            Out Sync Option: AUTO
            Interrupt generated: False
            Interrupt mode: NONE
            Drive mode: HI_Z_ANALOG
            VTrip: CMOS
            Slew: FAST
            Input Sync needed: False
            Output Sync needed: False
            SC shield enabled: False
            POR State: INP_DIS_HI_Z
            LCD Mode: COMMON
            Register Mode: RegComb
            CaSense Mode: NEITHER
            Treat as pin: True
            Is OE Registered: False
            Uses Analog: False
            Can contain Digital: True
            Is SIO: False
            SIO Output Buf: NONREGULATED
            SIO Input Buf: SINGLE_ENDED
            SIO HiFreq: LOW
            SIO Hyst: DISABLED
            SIO Vtrip: MULTIPLIER_0_5
            SIO Multiplier Index: 0
            SIO RefSel: VCC_IO
            Required Capabilities: DIGITAL
            Initial Value: 1
            IO Voltage: 0
        PORT MAP (
            pa_out => \UART_DEBUG:rx(0)\__PA ,
            fb => \UART_DEBUG:Net_1172\ ,
            pad => \UART_DEBUG:rx(0)_PAD\ );
        Properties:
        {
        }

    Pin : Name = Alert_LED(0)
        Attributes:
            In Group/Port: True
            In Sync Option: AUTO
            Out Sync Option: NOSYNC
            Interrupt generated: False
            Interrupt mode: NONE
            Drive mode: CMOS_OUT
            VTrip: CMOS
            Slew: FAST
            Input Sync needed: False
            Output Sync needed: False
            SC shield enabled: False
            POR State: INP_DIS_HI_Z
            LCD Mode: COMMON
            Register Mode: RegComb
            CaSense Mode: NEITHER
            Treat as pin: True
            Is OE Registered: False
            Uses Analog: False
            Can contain Digital: True
            Is SIO: False
            SIO Output Buf: NONREGULATED
            SIO Input Buf: SINGLE_ENDED
            SIO HiFreq: LOW
            SIO Hyst: DISABLED
            SIO Vtrip: MULTIPLIER_0_5
            SIO Multiplier Index: 0
            SIO RefSel: VCC_IO
            Required Capabilities: DIGITAL
            Initial Value: 1
            IO Voltage: 0
        PORT MAP (
            pa_out => Alert_LED(0)__PA ,
            annotation => Net_200 ,
            pad => Alert_LED(0)_PAD );
        Properties:
        {
        }

    Pin : Name = Disconnect_LED(0)
        Attributes:
            In Group/Port: True
            In Sync Option: AUTO
            Out Sync Option: NOSYNC
            Interrupt generated: False
            Interrupt mode: NONE
            Drive mode: CMOS_OUT
            VTrip: CMOS
            Slew: FAST
            Input Sync needed: False
            Output Sync needed: False
            SC shield enabled: False
            POR State: INP_DIS_HI_Z
            LCD Mode: COMMON
            Register Mode: RegComb
            CaSense Mode: NEITHER
            Treat as pin: True
            Is OE Registered: False
            Uses Analog: False
            Can contain Digital: True
            Is SIO: False
            SIO Output Buf: NONREGULATED
            SIO Input Buf: SINGLE_ENDED
            SIO HiFreq: LOW
            SIO Hyst: DISABLED
            SIO Vtrip: MULTIPLIER_0_5
            SIO Multiplier Index: 0
            SIO RefSel: VCC_IO
            Required Capabilities: DIGITAL
            Initial Value: 1
            IO Voltage: 0
        PORT MAP (
            pa_out => Disconnect_LED(0)__PA ,
            annotation => Net_453 ,
            pad => Disconnect_LED(0)_PAD );

    Pin : Name = Advertising_LED(0)
        Attributes:
            In Group/Port: True
            In Sync Option: AUTO
            Out Sync Option: NOSYNC
            Interrupt generated: False
            Interrupt mode: NONE
            Drive mode: CMOS_OUT
            VTrip: CMOS
            Slew: FAST
            Input Sync needed: False
            Output Sync needed: False
            SC shield enabled: False
            POR State: INP_DIS_HI_Z
            LCD Mode: COMMON
            Register Mode: RegComb
            CaSense Mode: NEITHER
            Treat as pin: True
            Is OE Registered: False
            Uses Analog: False
            Can contain Digital: True
            Is SIO: False
            SIO Output Buf: NONREGULATED
            SIO Input Buf: SINGLE_ENDED
            SIO HiFreq: LOW
            SIO Hyst: DISABLED
            SIO Vtrip: MULTIPLIER_0_5
            SIO Multiplier Index: 0
            SIO RefSel: VCC_IO
            Required Capabilities: DIGITAL
            Initial Value: 1
            IO Voltage: 0
        PORT MAP (
            pa_out => Advertising_LED(0)__PA ,
            annotation => Net_204 ,
            pad => Advertising_LED(0)_PAD );
        Properties:
        {
        }

    Pin : Name = \I2C_Pressure:scl(0)\
        Attributes:
            In Group/Port: True
            In Sync Option: NOSYNC
            Out Sync Option: NOSYNC
            Interrupt generated: False
            Interrupt mode: NONE
            Drive mode: OPEN_DRAIN_LO
            VTrip: CMOS
            Slew: FAST
            Input Sync needed: False
            Output Sync needed: False
            SC shield enabled: False
            POR State: INP_DIS_HI_Z
            LCD Mode: COMMON
            Register Mode: RegComb
            CaSense Mode: NEITHER
            Treat as pin: True
            Is OE Registered: False
            Uses Analog: False
            Can contain Digital: True
            Is SIO: False
            SIO Output Buf: NONREGULATED
            SIO Input Buf: SINGLE_ENDED
            SIO HiFreq: LOW
            SIO Hyst: DISABLED
            SIO Vtrip: MULTIPLIER_0_5
            SIO Multiplier Index: 0
            SIO RefSel: VCC_IO
            Required Capabilities: DIGITAL
            Initial Value: 1
            IO Voltage: 0
        PORT MAP (
            pa_out => \I2C_Pressure:scl(0)\__PA ,
            fb => Net_43 ,
            pad => \I2C_Pressure:scl(0)_PAD\ );
        Properties:
        {
        }

    Pin : Name = \I2C_Pressure:sda(0)\
        Attributes:
            In Group/Port: True
            In Sync Option: NOSYNC
            Out Sync Option: NOSYNC
            Interrupt generated: False
            Interrupt mode: NONE
            Drive mode: OPEN_DRAIN_LO
            VTrip: CMOS
            Slew: FAST
            Input Sync needed: False
            Output Sync needed: False
            SC shield enabled: False
            POR State: INP_DIS_HI_Z
            LCD Mode: COMMON
            Register Mode: RegComb
            CaSense Mode: NEITHER
            Treat as pin: True
            Is OE Registered: False
            Uses Analog: False
            Can contain Digital: True
            Is SIO: False
            SIO Output Buf: NONREGULATED
            SIO Input Buf: SINGLE_ENDED
            SIO HiFreq: LOW
            SIO Hyst: DISABLED
            SIO Vtrip: MULTIPLIER_0_5
            SIO Multiplier Index: 0
            SIO RefSel: VCC_IO
            Required Capabilities: DIGITAL
            Initial Value: 1
            IO Voltage: 0
        PORT MAP (
            pa_out => \I2C_Pressure:sda(0)\__PA ,
            fb => Net_45 ,
            pad => \I2C_Pressure:sda(0)_PAD\ );
        Properties:
        {
        }

    Pin : Name = Data_Tempreature_Humidity(0)
        Attributes:
            In Group/Port: True
            In Sync Option: NOSYNC
            Out Sync Option: NOSYNC
            Interrupt generated: False
            Interrupt mode: NONE
            Drive mode: OPEN_DRAIN_LO
            VTrip: CMOS
            Slew: FAST
            Input Sync needed: False
            Output Sync needed: False
            SC shield enabled: False
            POR State: INP_DIS_HI_Z
            LCD Mode: COMMON
            Register Mode: RegComb
            CaSense Mode: NEITHER
            Treat as pin: True
            Is OE Registered: False
            Uses Analog: False
            Can contain Digital: True
            Is SIO: False
            SIO Output Buf: NONREGULATED
            SIO Input Buf: SINGLE_ENDED
            SIO HiFreq: LOW
            SIO Hyst: DISABLED
            SIO Vtrip: MULTIPLIER_0_5
            SIO Multiplier Index: 0
            SIO RefSel: VCC_IO
            Required Capabilities: DIGITAL
            Initial Value: 1
            IO Voltage: 0
        PORT MAP (
            pa_out => Data_Tempreature_Humidity(0)__PA ,
            pad => Data_Tempreature_Humidity(0)_PAD );
        Properties:
        {
        }

    Pin : Name = DATA_Photoresistor(0)
        Attributes:
            In Group/Port: True
            In Sync Option: AUTO
            Out Sync Option: AUTO
            Interrupt generated: False
            Interrupt mode: NONE
            Drive mode: HI_Z_ANALOG
            VTrip: CMOS
            Slew: FAST
            Input Sync needed: False
            Output Sync needed: False
            SC shield enabled: False
            POR State: INP_DIS_HI_Z
            LCD Mode: COMMON
            Register Mode: RegComb
            CaSense Mode: NEITHER
            Treat as pin: True
            Is OE Registered: False
            Uses Analog: True
            Can contain Digital: False
            Is SIO: False
            SIO Output Buf: NONREGULATED
            SIO Input Buf: SINGLE_ENDED
            SIO HiFreq: LOW
            SIO Hyst: DISABLED
            SIO Vtrip: MULTIPLIER_0_5
            SIO Multiplier Index: 0
            SIO RefSel: VCC_IO
            Required Capabilities: ANALOG
            Initial Value: 1
            IO Voltage: 0
        PORT MAP (
            pa_out => DATA_Photoresistor(0)__PA ,
            analog_term => Net_118 ,
            pad => DATA_Photoresistor(0)_PAD );
        Properties:
        {
        }

    Pin : Name = DATA_SoilMoisture(0)
        Attributes:
            In Group/Port: True
            In Sync Option: AUTO
            Out Sync Option: AUTO
            Interrupt generated: False
            Interrupt mode: NONE
            Drive mode: HI_Z_ANALOG
            VTrip: CMOS
            Slew: FAST
            Input Sync needed: False
            Output Sync needed: False
            SC shield enabled: False
            POR State: INP_DIS_HI_Z
            LCD Mode: COMMON
            Register Mode: RegComb
            CaSense Mode: NEITHER
            Treat as pin: True
            Is OE Registered: False
            Uses Analog: True
            Can contain Digital: False
            Is SIO: False
            SIO Output Buf: NONREGULATED
            SIO Input Buf: SINGLE_ENDED
            SIO HiFreq: LOW
            SIO Hyst: DISABLED
            SIO Vtrip: MULTIPLIER_0_5
            SIO Multiplier Index: 0
            SIO RefSel: VCC_IO
            Required Capabilities: ANALOG
            Initial Value: 1
            IO Voltage: 0
        PORT MAP (
            pa_out => DATA_SoilMoisture(0)__PA ,
            analog_term => Net_126 ,
            pad => DATA_SoilMoisture(0)_PAD );
        Properties:
        {
        }
    </CYPRESSTAG>
    <CYPRESSTAG name="Macrocell listing" icon="FILE_RPT_EQUATION">
    </CYPRESSTAG>
    <CYPRESSTAG name="Datapath listing">
    </CYPRESSTAG>
    <CYPRESSTAG name="Status register listing">
    </CYPRESSTAG>
    <CYPRESSTAG name="StatusI register listing">
    </CYPRESSTAG>
    <CYPRESSTAG name="Sync listing">
    </CYPRESSTAG>
    <CYPRESSTAG name="Control register listing">
    </CYPRESSTAG>
    <CYPRESSTAG name="Count7 listing">
    </CYPRESSTAG>
    <CYPRESSTAG name="DRQ listing">
    </CYPRESSTAG>
    <CYPRESSTAG name="Interrupt listing">

    ------------------------------------------------------------
    Interrupt listing
    ------------------------------------------------------------

    interrupt: Name =MCWDT_isr
        PORT MAP (
            interrupt => Net_89 );
        Properties:
        {
            cy_registers = ""
            deepsleep_required = 1
            int_type = "10"
        }

    interrupt: Name =\BLE:bless_isr\
        PORT MAP (
            interrupt => \BLE:Net_1\ );
        Properties:
        {
            cy_registers = ""
            deepsleep_required = 1
            int_type = "10"
        }

    interrupt: Name =\UART_DEBUG:SCB_IRQ\
        PORT MAP (
            interrupt => \UART_DEBUG:intr_wire\ );
        Properties:
        {
            cy_registers = ""
            deepsleep_required = 0
            int_type = "10"
        }

    interrupt: Name =\I2C_Pressure:SCB_IRQ\
        PORT MAP (
            interrupt => \I2C_Pressure:intr_wire\ );
        Properties:
        {
            cy_registers = ""
            deepsleep_required = 0
            int_type = "10"
        }

    interrupt: Name =\ADC_Photoresistor:IRQ\
        PORT MAP (
            interrupt => \ADC_Photoresistor:Net_423\ );
        Properties:
        {
            cy_registers = ""
            deepsleep_required = 0
            int_type = "10"
        }
    </CYPRESSTAG>
</CYPRESSTAG>
<CYPRESSTAG name="Technology mapping summary" expanded>

------------------------------------------------------------
Technology mapping summary
------------------------------------------------------------

Resource Type                 : Used : Free :  Max :  % Used
============================================================
Digital Clocks                :    0 :    8 :    8 :  0.00 %
Crypto Accelerator            :    0 :    1 :    1 :  0.00 %
Interrupts [CM0+]             :    6 :   26 :   32 : 18.75 %
Interrupts [CM4]              :    3 :  144 :  147 :  2.04 %
IO                            :   15 :   21 :   36 : 41.67 %
Interprocessor Communication  :    0 :   16 :   16 :  0.00 %
MCWDT                         :    1 :    1 :    2 : 50.00 %
CapSense                      :    0 :    1 :    1 :  0.00 %
Energy Profiler               :    0 :    1 :    1 :  0.00 %
Real Time Clock               :    0 :    1 :    1 :  0.00 %
Bluetooth Low Energy          :    1 :    0 :    1 : 100.00 %
I2S                           :    0 :    1 :    1 :  0.00 %
PDM/PCM                       :    0 :    1 :    1 :  0.00 %
SCB                           :    2 :    7 :    9 : 22.22 %
DMA Channels                  :    0 :   32 :   32 :  0.00 %
LCD                           :    0 :    1 :    1 :  0.00 %
SmartIO                       :    0 :    2 :    2 :  0.00 %
TCPWM                         :    0 :   32 :   32 :  0.00 %
UDB                           :      :      :      :        
  Macrocells                  :    0 :   96 :   96 :  0.00 %
  Unique P-terms              :    0 :  192 :  192 :  0.00 %
  Total P-terms               :    0 :      :      :        
  Datapath Cells              :    0 :   12 :   12 :  0.00 %
  Status Cells                :    0 :   12 :   12 :  0.00 %
  Control Cells               :    0 :   12 :   12 :  0.00 %
7-Bit IDAC                    :    0 :    2 :    2 :  0.00 %
Continuous Time DAC           :    0 :    1 :    1 :  0.00 %
LP Comparator                 :    0 :    2 :    2 :  0.00 %
Opamp                         :    0 :    2 :    2 :  0.00 %
Sample and Hold               :    0 :    1 :    1 :  0.00 %
SAR ADC                       :    1 :    0 :    1 : 100.00 %
DieTemp Sensor                :    0 :    1 :    1 :  0.00 %
</CYPRESSTAG>
Technology Mapping: Elapsed time ==> 0s.152ms
Tech Mapping phase: Elapsed time ==> 0s.208ms
</CYPRESSTAG>
<CYPRESSTAG name="Analog Placement">
<CYPRESSTAG name="FFB & IO Pre Placement">
<CYPRESSTAG name="Placement" icon="FILE_RPT_PLACEMENT">

Cell                                : Block                              
=========================================================================
CY_CPUSS_SWJ_SWCLK_TCLK(0)          : [IOP=(6)][IoId=(7)]                
CY_CPUSS_SWJ_SWDIO_TMS(0)           : [IOP=(6)][IoId=(6)]                
CY_SRSS_WCO_IN(0)                   : [IOP=(0)][IoId=(0)]                
CY_SRSS_WCO_OUT(0)                  : [IOP=(0)][IoId=(1)]                
Hibernate_Wakeup_SW(0)              : [IOP=(0)][IoId=(4)]                
\UART_DEBUG:tx(0)\                  : [IOP=(5)][IoId=(1)]                
\UART_DEBUG:rx(0)\                  : [IOP=(5)][IoId=(0)]                
Alert_LED(0)                        : [IOP=(6)][IoId=(3)]                
Advertising_LED(0)                  : [IOP=(7)][IoId=(1)]                
\I2C_Pressure:scl(0)\               : [IOP=(9)][IoId=(0)]                
\I2C_Pressure:sda(0)\               : [IOP=(9)][IoId=(1)]                
Data_Tempreature_Humidity(0)        : [IOP=(5)][IoId=(6)]                
DATA_Photoresistor(0)               : [IOP=(10)][IoId=(0)]               
DATA_SoilMoisture(0)                : [IOP=(10)][IoId=(1)]               
ClockGenBlock                       : CLK_GEN_[FFB(CLK_GEN,0)]           
CPUSS                               : CPUSS_[FFB(CPUSS,0)]               
SRSS                                : SRSS_[FFB(SRSS,0)]                 
\BLE:cy_mxs40_ble\                  : BLE_[FFB(BLE,0)]                   
\UART_DEBUG:SCB\                    : SCB_[FFB(SCB,5)]                   
\I2C_Pressure:SCB\                  : SCB_[FFB(SCB,2)]                   
\ADC_Photoresistor:SAR\             : SARADC_[FFB(SARADC,0)]             
\ADC_Photoresistor:vRef_4\          : Vref_[FFB(Vref,0)]                 
\ADC_Photoresistor:vRef_8\          : Vref_[FFB(Vref,1)]                 
\MCWDT:MCWDT\                       : MCWDT_[FFB(MCWDT,0)]               
Disconnect_LED(0)                   : [IOP=(0)][IoId=(5)]                

</CYPRESSTAG>
</CYPRESSTAG>
<CYPRESSTAG name="Real Analog Placement">
Elapsed time ==> 0.1061657s
</CYPRESSTAG>
Analog Placement phase: Elapsed time ==> 0s.696ms
</CYPRESSTAG>
<CYPRESSTAG name="Analog Routing">
<CYPRESSTAG name="Analog Routing">
Route success=True, Iterations=1 Elapsed=0.0162839 secs
</CYPRESSTAG>
Analog Routing phase: Elapsed time ==> 0s.016ms
</CYPRESSTAG>
<CYPRESSTAG name="Analog Code Generation">
============ Analog Final Answer Routes ============
Dump of CyAnalogRoutingResultsDB
Map of net to items {
  Net: Net_118 {
    p10_0
  }
  Net: Net_126 {
    p10_1
  }
  Net: SRSS_wco_in {
    p0_0
    swh_3
    Net_44761
  }
  Net: SRSS_wco_out {
    Net_44763
    swh_4
    p0_1
  }
  Net: \ADC_Photoresistor:Net_105\ {
  }
  Net: \ADC_Photoresistor:Net_1448\ {
  }
  Net: \ADC_Photoresistor:Net_213\ {
  }
  Net: \ADC_Photoresistor:Net_218\ {
  }
  Net: \ADC_Photoresistor:Net_21_0\ {
  }
  Net: \ADC_Photoresistor:muxoutPlus\ {
    PASS0_sarmux_vplus
  }
  Net: AMuxNet::\ADC_Photoresistor:SARMUX\_CYAMUXSIDE_A {
    PASS0_SARMUX0_sw0
    PASS0_SARMUX0_sw1
  }
  Net: \ADC_Photoresistor:muxoutMinus\ {
    PASS0_sarmux_vminus
  }
  Net: AMuxNet::\ADC_Photoresistor:SARMUX\_CYAMUXSIDE_B {
  }
}
Map of item to net {
  p10_0                                            -> Net_118
  p10_1                                            -> Net_126
  p0_0                                             -> SRSS_wco_in
  swh_3                                            -> SRSS_wco_in
  Net_44761                                        -> SRSS_wco_in
  Net_44763                                        -> SRSS_wco_out
  swh_4                                            -> SRSS_wco_out
  p0_1                                             -> SRSS_wco_out
  PASS0_sarmux_vplus                               -> \ADC_Photoresistor:muxoutPlus\
  PASS0_SARMUX0_sw0                                -> AMuxNet::\ADC_Photoresistor:SARMUX\_CYAMUXSIDE_A
  PASS0_SARMUX0_sw1                                -> AMuxNet::\ADC_Photoresistor:SARMUX\_CYAMUXSIDE_A
  PASS0_sarmux_vminus                              -> \ADC_Photoresistor:muxoutMinus\
}
Mux Info {
  Mux: \ADC_Photoresistor:SARMUX\_CYAMUXSIDE_A {
     Mouth: \ADC_Photoresistor:muxoutPlus\
     Guts:  AMuxNet::\ADC_Photoresistor:SARMUX\_CYAMUXSIDE_A
     IsSingleSwitching: False
     IsStaticSwitching: False
     IsAtMostOneSwitch: True
    Arm: 0 {
      Net:   Net_118
      Outer: PASS0_SARMUX0_sw0
      Inner: __open__
      Path {
        PASS0_SARMUX0_sw0
        p10_0
      }
    }
    Arm: 1 {
      Net:   Net_126
      Outer: PASS0_SARMUX0_sw1
      Inner: __open__
      Path {
        PASS0_SARMUX0_sw1
        p10_1
      }
    }
  }
  Mux: \ADC_Photoresistor:SARMUX\_CYAMUXSIDE_B {
     Mouth: \ADC_Photoresistor:muxoutMinus\
     Guts:  AMuxNet::\ADC_Photoresistor:SARMUX\_CYAMUXSIDE_B
     IsSingleSwitching: False
     IsStaticSwitching: False
     IsAtMostOneSwitch: True
    Arm: 0 {
      Net:   \ADC_Photoresistor:Net_21_0\
      Outer: __open__
      Inner: __open__
      Path {
      }
    }
    Arm: 1 {
      Net:   \ADC_Photoresistor:Net_21_0\
      Outer: __open__
      Inner: __open__
      Path {
      }
    }
  }
}
Analog Code Generation phase: Elapsed time ==> 0s.019ms
</CYPRESSTAG>
<CYPRESSTAG name="Digital Placement">
<CYPRESSTAG name="Detailed placement messages">
I2659: No Constrained paths were found. The placer will run in non-timing driven mode.
I2076: Total run-time: 0.5 sec.

</CYPRESSTAG>
Warning: placer did not place the following components:
   \ADC_Photoresistor:SARMUX\:SARMUX
<CYPRESSTAG name="PLD Packing">
<CYPRESSTAG name="PLD Packing Summary">
No PLDs were packed.
</CYPRESSTAG>
PLD Packing: Elapsed time ==> 0s.000ms
</CYPRESSTAG>
<CYPRESSTAG name="Partitioning">
<CYPRESSTAG name="Initial Partitioning Summary">
Initial Partitioning Summary not displayed at this verbose level.</CYPRESSTAG>
<CYPRESSTAG name="Final Partitioning Summary">
Final Partitioning Summary not displayed at this verbose level.</CYPRESSTAG>
Partitioning: Elapsed time ==> 0s.017ms
</CYPRESSTAG>
<CYPRESSTAG name="Final Placement Summary">

------------------------------------------------------------
Final Placement Summary
------------------------------------------------------------

       Resource Type :      Count : Avg Inputs : Avg Outputs
    ========================================================
                 UDB :          0 :       0.00 :       0.00
<CYPRESSTAG name="Final Placement Details">
<CYPRESSTAG name="Component Details">

------------------------------------------------------------
Component Placement Details
------------------------------------------------------------
UDB [UDB=(0,0)] is empty.
UDB [UDB=(0,1)] is empty.
UDB [UDB=(0,2)] is empty.
UDB [UDB=(0,3)] is empty.
UDB [UDB=(0,4)] is empty.
UDB [UDB=(0,5)] is empty.
UDB [UDB=(1,0)] is empty.
UDB [UDB=(1,1)] is empty.
UDB [UDB=(1,2)] is empty.
UDB [UDB=(1,3)] is empty.
UDB [UDB=(1,4)] is empty.
UDB [UDB=(1,5)] is empty.
Intr container @ [IntrContainer=(0)]: 
  Intr@ [IntrContainer=(0)][IntrId=(19)] 
    interrupt: Name =MCWDT_isr
        PORT MAP (
            interrupt => Net_89 );
        Properties:
        {
            cy_registers = ""
            deepsleep_required = 1
            int_type = "10"
        }
  Intr@ [IntrContainer=(0)][IntrId=(24)] 
    interrupt: Name =\BLE:bless_isr\
        PORT MAP (
            interrupt => \BLE:Net_1\ );
        Properties:
        {
            cy_registers = ""
            deepsleep_required = 1
            int_type = "10"
        }
  Intr@ [IntrContainer=(0)][IntrId=(43)] 
    interrupt: Name =\I2C_Pressure:SCB_IRQ\
        PORT MAP (
            interrupt => \I2C_Pressure:intr_wire\ );
        Properties:
        {
            cy_registers = ""
            deepsleep_required = 0
            int_type = "10"
        }
  Intr@ [IntrContainer=(0)][IntrId=(46)] 
    interrupt: Name =\UART_DEBUG:SCB_IRQ\
        PORT MAP (
            interrupt => \UART_DEBUG:intr_wire\ );
        Properties:
        {
            cy_registers = ""
            deepsleep_required = 0
            int_type = "10"
        }
  Intr@ [IntrContainer=(0)][IntrId=(138)] 
    interrupt: Name =\ADC_Photoresistor:IRQ\
        PORT MAP (
            interrupt => \ADC_Photoresistor:Net_423\ );
        Properties:
        {
            cy_registers = ""
            deepsleep_required = 0
            int_type = "10"
        }
Drq container @ [DrqContainer=(0)]: empty
Port 0 contains the following IO cells:
[IoId=0]: 
Pin : Name = CY_SRSS_WCO_IN(0)
    Attributes:
        In Group/Port: True
        In Sync Option: AUTO
        Out Sync Option: AUTO
        Interrupt generated: False
        Interrupt mode: NONE
        Drive mode: HI_Z_ANALOG
        VTrip: CMOS
        Slew: FAST
        Input Sync needed: False
        Output Sync needed: False
        SC shield enabled: False
        POR State: INP_DIS_HI_Z
        LCD Mode: COMMON
        Register Mode: RegComb
        CaSense Mode: NEITHER
        Treat as pin: True
        Is OE Registered: False
        Uses Analog: True
        Can contain Digital: True
        Is SIO: False
        SIO Output Buf: NONREGULATED
        SIO Input Buf: SINGLE_ENDED
        SIO HiFreq: LOW
        SIO Hyst: DISABLED
        SIO Vtrip: MULTIPLIER_0_5
        SIO Multiplier Index: 0
        SIO RefSel: VCC_IO
        Required Capabilities: NONE
        Initial Value: 0
        IO Voltage: 0
    PORT MAP (
        pa_out => CY_SRSS_WCO_IN(0)__PA ,
        analog_term => SRSS_wco_in );
    Properties:
    {
    }

[IoId=1]: 
Pin : Name = CY_SRSS_WCO_OUT(0)
    Attributes:
        In Group/Port: True
        In Sync Option: AUTO
        Out Sync Option: AUTO
        Interrupt generated: False
        Interrupt mode: NONE
        Drive mode: HI_Z_ANALOG
        VTrip: CMOS
        Slew: FAST
        Input Sync needed: False
        Output Sync needed: False
        SC shield enabled: False
        POR State: INP_DIS_HI_Z
        LCD Mode: COMMON
        Register Mode: RegComb
        CaSense Mode: NEITHER
        Treat as pin: True
        Is OE Registered: False
        Uses Analog: True
        Can contain Digital: True
        Is SIO: False
        SIO Output Buf: NONREGULATED
        SIO Input Buf: SINGLE_ENDED
        SIO HiFreq: LOW
        SIO Hyst: DISABLED
        SIO Vtrip: MULTIPLIER_0_5
        SIO Multiplier Index: 0
        SIO RefSel: VCC_IO
        Required Capabilities: NONE
        Initial Value: 0
        IO Voltage: 0
    PORT MAP (
        pa_out => CY_SRSS_WCO_OUT(0)__PA ,
        analog_term => SRSS_wco_out );
    Properties:
    {
    }

[IoId=4]: 
Pin : Name = Hibernate_Wakeup_SW(0)
    Attributes:
        In Group/Port: True
        In Sync Option: NOSYNC
        Out Sync Option: AUTO
        Interrupt generated: False
        Interrupt mode: NONE
        Drive mode: RES_PULL_UP
        VTrip: CMOS
        Slew: FAST
        Input Sync needed: False
        Output Sync needed: False
        SC shield enabled: False
        POR State: INP_DIS_HI_Z
        LCD Mode: COMMON
        Register Mode: RegComb
        CaSense Mode: NEITHER
        Treat as pin: True
        Is OE Registered: False
        Uses Analog: False
        Can contain Digital: True
        Is SIO: False
        SIO Output Buf: NONREGULATED
        SIO Input Buf: SINGLE_ENDED
        SIO HiFreq: LOW
        SIO Hyst: DISABLED
        SIO Vtrip: MULTIPLIER_0_5
        SIO Multiplier Index: 0
        SIO RefSel: VCC_IO
        Required Capabilities: DIGITAL
        Initial Value: 1
        IO Voltage: 0
    PORT MAP (
        pa_out => Hibernate_Wakeup_SW(0)__PA ,
        annotation => Net_74 ,
        pad => Hibernate_Wakeup_SW(0)_PAD );
    Properties:
    {
    }

[IoId=5]: 
Pin : Name = Disconnect_LED(0)
    Attributes:
        In Group/Port: True
        In Sync Option: AUTO
        Out Sync Option: NOSYNC
        Interrupt generated: False
        Interrupt mode: NONE
        Drive mode: CMOS_OUT
        VTrip: CMOS
        Slew: FAST
        Input Sync needed: False
        Output Sync needed: False
        SC shield enabled: False
        POR State: INP_DIS_HI_Z
        LCD Mode: COMMON
        Register Mode: RegComb
        CaSense Mode: NEITHER
        Treat as pin: True
        Is OE Registered: False
        Uses Analog: False
        Can contain Digital: True
        Is SIO: False
        SIO Output Buf: NONREGULATED
        SIO Input Buf: SINGLE_ENDED
        SIO HiFreq: LOW
        SIO Hyst: DISABLED
        SIO Vtrip: MULTIPLIER_0_5
        SIO Multiplier Index: 0
        SIO RefSel: VCC_IO
        Required Capabilities: DIGITAL
        Initial Value: 1
        IO Voltage: 0
    PORT MAP (
        pa_out => Disconnect_LED(0)__PA ,
        annotation => Net_453 ,
        pad => Disconnect_LED(0)_PAD );
    Properties:
    {
    }

Port 5 contains the following IO cells:
[IoId=0]: 
Pin : Name = \UART_DEBUG:rx(0)\
    Attributes:
        In Group/Port: True
        In Sync Option: NOSYNC
        Out Sync Option: AUTO
        Interrupt generated: False
        Interrupt mode: NONE
        Drive mode: HI_Z_ANALOG
        VTrip: CMOS
        Slew: FAST
        Input Sync needed: False
        Output Sync needed: False
        SC shield enabled: False
        POR State: INP_DIS_HI_Z
        LCD Mode: COMMON
        Register Mode: RegComb
        CaSense Mode: NEITHER
        Treat as pin: True
        Is OE Registered: False
        Uses Analog: False
        Can contain Digital: True
        Is SIO: False
        SIO Output Buf: NONREGULATED
        SIO Input Buf: SINGLE_ENDED
        SIO HiFreq: LOW
        SIO Hyst: DISABLED
        SIO Vtrip: MULTIPLIER_0_5
        SIO Multiplier Index: 0
        SIO RefSel: VCC_IO
        Required Capabilities: DIGITAL
        Initial Value: 1
        IO Voltage: 0
    PORT MAP (
        pa_out => \UART_DEBUG:rx(0)\__PA ,
        fb => \UART_DEBUG:Net_1172\ ,
        pad => \UART_DEBUG:rx(0)_PAD\ );
    Properties:
    {
    }

[IoId=1]: 
Pin : Name = \UART_DEBUG:tx(0)\
    Attributes:
        In Group/Port: True
        In Sync Option: AUTO
        Out Sync Option: NOSYNC
        Interrupt generated: False
        Interrupt mode: NONE
        Drive mode: CMOS_OUT
        VTrip: CMOS
        Slew: FAST
        Input Sync needed: False
        Output Sync needed: False
        SC shield enabled: False
        POR State: INP_DIS_HI_Z
        LCD Mode: COMMON
        Register Mode: RegComb
        CaSense Mode: NEITHER
        Treat as pin: True
        Is OE Registered: False
        Uses Analog: False
        Can contain Digital: True
        Is SIO: False
        SIO Output Buf: NONREGULATED
        SIO Input Buf: SINGLE_ENDED
        SIO HiFreq: LOW
        SIO Hyst: DISABLED
        SIO Vtrip: MULTIPLIER_0_5
        SIO Multiplier Index: 0
        SIO RefSel: VCC_IO
        Required Capabilities: DIGITAL
        Initial Value: 1
        IO Voltage: 0
    PORT MAP (
        pa_out => \UART_DEBUG:tx(0)\__PA ,
        pin_input => \UART_DEBUG:tx_wire\ ,
        pad => \UART_DEBUG:tx(0)_PAD\ );
    Properties:
    {
    }

[IoId=6]: 
Pin : Name = Data_Tempreature_Humidity(0)
    Attributes:
        In Group/Port: True
        In Sync Option: NOSYNC
        Out Sync Option: NOSYNC
        Interrupt generated: False
        Interrupt mode: NONE
        Drive mode: OPEN_DRAIN_LO
        VTrip: CMOS
        Slew: FAST
        Input Sync needed: False
        Output Sync needed: False
        SC shield enabled: False
        POR State: INP_DIS_HI_Z
        LCD Mode: COMMON
        Register Mode: RegComb
        CaSense Mode: NEITHER
        Treat as pin: True
        Is OE Registered: False
        Uses Analog: False
        Can contain Digital: True
        Is SIO: False
        SIO Output Buf: NONREGULATED
        SIO Input Buf: SINGLE_ENDED
        SIO HiFreq: LOW
        SIO Hyst: DISABLED
        SIO Vtrip: MULTIPLIER_0_5
        SIO Multiplier Index: 0
        SIO RefSel: VCC_IO
        Required Capabilities: DIGITAL
        Initial Value: 1
        IO Voltage: 0
    PORT MAP (
        pa_out => Data_Tempreature_Humidity(0)__PA ,
        pad => Data_Tempreature_Humidity(0)_PAD );
    Properties:
    {
    }

Port 6 contains the following IO cells:
[IoId=3]: 
Pin : Name = Alert_LED(0)
    Attributes:
        In Group/Port: True
        In Sync Option: AUTO
        Out Sync Option: NOSYNC
        Interrupt generated: False
        Interrupt mode: NONE
        Drive mode: CMOS_OUT
        VTrip: CMOS
        Slew: FAST
        Input Sync needed: False
        Output Sync needed: False
        SC shield enabled: False
        POR State: INP_DIS_HI_Z
        LCD Mode: COMMON
        Register Mode: RegComb
        CaSense Mode: NEITHER
        Treat as pin: True
        Is OE Registered: False
        Uses Analog: False
        Can contain Digital: True
        Is SIO: False
        SIO Output Buf: NONREGULATED
        SIO Input Buf: SINGLE_ENDED
        SIO HiFreq: LOW
        SIO Hyst: DISABLED
        SIO Vtrip: MULTIPLIER_0_5
        SIO Multiplier Index: 0
        SIO RefSel: VCC_IO
        Required Capabilities: DIGITAL
        Initial Value: 1
        IO Voltage: 0
    PORT MAP (
        pa_out => Alert_LED(0)__PA ,
        annotation => Net_200 ,
        pad => Alert_LED(0)_PAD );
    Properties:
    {
    }

[IoId=6]: 
Pin : Name = CY_CPUSS_SWJ_SWDIO_TMS(0)
    Attributes:
        In Group/Port: True
        In Sync Option: AUTO
        Out Sync Option: AUTO
        Interrupt generated: False
        Interrupt mode: NONE
        Drive mode: RES_PULL_UP
        VTrip: CMOS
        Slew: FAST
        Input Sync needed: False
        Output Sync needed: False
        SC shield enabled: False
        POR State: INP_DIS_HI_Z
        LCD Mode: COMMON
        Register Mode: RegComb
        CaSense Mode: NEITHER
        Treat as pin: True
        Is OE Registered: False
        Uses Analog: False
        Can contain Digital: True
        Is SIO: False
        SIO Output Buf: NONREGULATED
        SIO Input Buf: SINGLE_ENDED
        SIO HiFreq: LOW
        SIO Hyst: DISABLED
        SIO Vtrip: MULTIPLIER_0_5
        SIO Multiplier Index: 0
        SIO RefSel: VCC_IO
        Required Capabilities: DIGITAL
        Initial Value: 0
        IO Voltage: 0
    PORT MAP (
        pa_out => CY_CPUSS_SWJ_SWDIO_TMS(0)__PA ,
        fb => CPUSS_swj_swdio_tms );
    Properties:
    {
    }

[IoId=7]: 
Pin : Name = CY_CPUSS_SWJ_SWCLK_TCLK(0)
    Attributes:
        In Group/Port: True
        In Sync Option: AUTO
        Out Sync Option: AUTO
        Interrupt generated: False
        Interrupt mode: NONE
        Drive mode: RES_PULL_DOWN
        VTrip: CMOS
        Slew: FAST
        Input Sync needed: False
        Output Sync needed: False
        SC shield enabled: False
        POR State: INP_DIS_HI_Z
        LCD Mode: COMMON
        Register Mode: RegComb
        CaSense Mode: NEITHER
        Treat as pin: True
        Is OE Registered: False
        Uses Analog: False
        Can contain Digital: True
        Is SIO: False
        SIO Output Buf: NONREGULATED
        SIO Input Buf: SINGLE_ENDED
        SIO HiFreq: LOW
        SIO Hyst: DISABLED
        SIO Vtrip: MULTIPLIER_0_5
        SIO Multiplier Index: 0
        SIO RefSel: VCC_IO
        Required Capabilities: DIGITAL
        Initial Value: 0
        IO Voltage: 0
    PORT MAP (
        pa_out => CY_CPUSS_SWJ_SWCLK_TCLK(0)__PA ,
        fb => CPUSS_swj_swclk_tclk );
    Properties:
    {
    }

Port 7 contains the following IO cells:
[IoId=1]: 
Pin : Name = Advertising_LED(0)
    Attributes:
        In Group/Port: True
        In Sync Option: AUTO
        Out Sync Option: NOSYNC
        Interrupt generated: False
        Interrupt mode: NONE
        Drive mode: CMOS_OUT
        VTrip: CMOS
        Slew: FAST
        Input Sync needed: False
        Output Sync needed: False
        SC shield enabled: False
        POR State: INP_DIS_HI_Z
        LCD Mode: COMMON
        Register Mode: RegComb
        CaSense Mode: NEITHER
        Treat as pin: True
        Is OE Registered: False
        Uses Analog: False
        Can contain Digital: True
        Is SIO: False
        SIO Output Buf: NONREGULATED
        SIO Input Buf: SINGLE_ENDED
        SIO HiFreq: LOW
        SIO Hyst: DISABLED
        SIO Vtrip: MULTIPLIER_0_5
        SIO Multiplier Index: 0
        SIO RefSel: VCC_IO
        Required Capabilities: DIGITAL
        Initial Value: 1
        IO Voltage: 0
    PORT MAP (
        pa_out => Advertising_LED(0)__PA ,
        annotation => Net_204 ,
        pad => Advertising_LED(0)_PAD );
    Properties:
    {
    }

Port 9 contains the following IO cells:
[IoId=0]: 
Pin : Name = \I2C_Pressure:scl(0)\
    Attributes:
        In Group/Port: True
        In Sync Option: NOSYNC
        Out Sync Option: NOSYNC
        Interrupt generated: False
        Interrupt mode: NONE
        Drive mode: OPEN_DRAIN_LO
        VTrip: CMOS
        Slew: FAST
        Input Sync needed: False
        Output Sync needed: False
        SC shield enabled: False
        POR State: INP_DIS_HI_Z
        LCD Mode: COMMON
        Register Mode: RegComb
        CaSense Mode: NEITHER
        Treat as pin: True
        Is OE Registered: False
        Uses Analog: False
        Can contain Digital: True
        Is SIO: False
        SIO Output Buf: NONREGULATED
        SIO Input Buf: SINGLE_ENDED
        SIO HiFreq: LOW
        SIO Hyst: DISABLED
        SIO Vtrip: MULTIPLIER_0_5
        SIO Multiplier Index: 0
        SIO RefSel: VCC_IO
        Required Capabilities: DIGITAL
        Initial Value: 1
        IO Voltage: 0
    PORT MAP (
        pa_out => \I2C_Pressure:scl(0)\__PA ,
        fb => Net_43 ,
        pad => \I2C_Pressure:scl(0)_PAD\ );
    Properties:
    {
    }

[IoId=1]: 
Pin : Name = \I2C_Pressure:sda(0)\
    Attributes:
        In Group/Port: True
        In Sync Option: NOSYNC
        Out Sync Option: NOSYNC
        Interrupt generated: False
        Interrupt mode: NONE
        Drive mode: OPEN_DRAIN_LO
        VTrip: CMOS
        Slew: FAST
        Input Sync needed: False
        Output Sync needed: False
        SC shield enabled: False
        POR State: INP_DIS_HI_Z
        LCD Mode: COMMON
        Register Mode: RegComb
        CaSense Mode: NEITHER
        Treat as pin: True
        Is OE Registered: False
        Uses Analog: False
        Can contain Digital: True
        Is SIO: False
        SIO Output Buf: NONREGULATED
        SIO Input Buf: SINGLE_ENDED
        SIO HiFreq: LOW
        SIO Hyst: DISABLED
        SIO Vtrip: MULTIPLIER_0_5
        SIO Multiplier Index: 0
        SIO RefSel: VCC_IO
        Required Capabilities: DIGITAL
        Initial Value: 1
        IO Voltage: 0
    PORT MAP (
        pa_out => \I2C_Pressure:sda(0)\__PA ,
        fb => Net_45 ,
        pad => \I2C_Pressure:sda(0)_PAD\ );
    Properties:
    {
    }

Port 10 contains the following IO cells:
[IoId=0]: 
Pin : Name = DATA_Photoresistor(0)
    Attributes:
        In Group/Port: True
        In Sync Option: AUTO
        Out Sync Option: AUTO
        Interrupt generated: False
        Interrupt mode: NONE
        Drive mode: HI_Z_ANALOG
        VTrip: CMOS
        Slew: FAST
        Input Sync needed: False
        Output Sync needed: False
        SC shield enabled: False
        POR State: INP_DIS_HI_Z
        LCD Mode: COMMON
        Register Mode: RegComb
        CaSense Mode: NEITHER
        Treat as pin: True
        Is OE Registered: False
        Uses Analog: True
        Can contain Digital: False
        Is SIO: False
        SIO Output Buf: NONREGULATED
        SIO Input Buf: SINGLE_ENDED
        SIO HiFreq: LOW
        SIO Hyst: DISABLED
        SIO Vtrip: MULTIPLIER_0_5
        SIO Multiplier Index: 0
        SIO RefSel: VCC_IO
        Required Capabilities: ANALOG
        Initial Value: 1
        IO Voltage: 0
    PORT MAP (
        pa_out => DATA_Photoresistor(0)__PA ,
        analog_term => Net_118 ,
        pad => DATA_Photoresistor(0)_PAD );
    Properties:
    {
    }

[IoId=1]: 
Pin : Name = DATA_SoilMoisture(0)
    Attributes:
        In Group/Port: True
        In Sync Option: AUTO
        Out Sync Option: AUTO
        Interrupt generated: False
        Interrupt mode: NONE
        Drive mode: HI_Z_ANALOG
        VTrip: CMOS
        Slew: FAST
        Input Sync needed: False
        Output Sync needed: False
        SC shield enabled: False
        POR State: INP_DIS_HI_Z
        LCD Mode: COMMON
        Register Mode: RegComb
        CaSense Mode: NEITHER
        Treat as pin: True
        Is OE Registered: False
        Uses Analog: True
        Can contain Digital: False
        Is SIO: False
        SIO Output Buf: NONREGULATED
        SIO Input Buf: SINGLE_ENDED
        SIO HiFreq: LOW
        SIO Hyst: DISABLED
        SIO Vtrip: MULTIPLIER_0_5
        SIO Multiplier Index: 0
        SIO RefSel: VCC_IO
        Required Capabilities: ANALOG
        Initial Value: 1
        IO Voltage: 0
    PORT MAP (
        pa_out => DATA_SoilMoisture(0)__PA ,
        analog_term => Net_126 ,
        pad => DATA_SoilMoisture(0)_PAD );
    Properties:
    {
    }

Port 12 contains the following IO cells:
Clock group 0: 
    Clock Block @ F(Clock,0): 
    Clock: Name =ClockBlock
        PORT MAP (
            imo => ClockBlock_IMO ,
            ext => ClockBlock_ExtClk ,
            altHf => ClockBlock_AltHF ,
            eco => ClockBlock_ECO ,
            fll => ClockBlock_FLL ,
            pll_0 => ClockBlock_PLL0 ,
            hfclk_0 => ClockBlock_HFClk0 ,
            hfclk_1 => ClockBlock_HFClk1 ,
            hfclk_2 => ClockBlock_HFClk2 ,
            hfclk_3 => ClockBlock_HFClk3 ,
            hfclk_4 => ClockBlock_HFClk4 ,
            fastclk => ClockBlock_FastClk ,
            periclk => ClockBlock_PeriClk ,
            slowclk => ClockBlock_SlowClk ,
            ilo => ClockBlock_ILO ,
            wco => ClockBlock_WCO ,
            lfclk => ClockBlock_LFClk ,
            ff_div_0 => \I2C_Pressure:clock_wire_ff0\ ,
            ff_div_49 => \ADC_Photoresistor:Net_428_ff49\ ,
            ff_div_1 => \UART_DEBUG:Net_847_ff1\ );
        Properties:
        {
        }
LCD group 0: empty
Vref group 0: 
    Vref Block @ F(Vref,2): 
    vrefcell: Name =\ADC_Photoresistor:vRef_4\
        PORT MAP (
            vout => \ADC_Photoresistor:Net_1379\ );
        Properties:
        {
            autoenable = 1
            guid = "6E0C5DC9-D531-4D01-9B49-536487FE4A82"
            ignoresleep = 0
            name = "Bandgap Reference"
        }
    Vref Block @ F(Vref,5): 
    vrefcell: Name =\ADC_Photoresistor:vRef_8\
        PORT MAP (
            vout => \ADC_Photoresistor:Net_102\ );
        Properties:
        {
            autoenable = 1
            guid = "A74A229D-E18B-4A00-BEEC-CCDCB446AC07 "
            ignoresleep = 0
            name = ""
        }
LPCOMP group 0: empty
SCB group 0: 
    SCB @ F(SCB,2): 
    SCB: Name =\I2C_Pressure:SCB\
        PORT MAP (
            clock => \I2C_Pressure:clock_wire_ff0\ ,
            uart_tx => \I2C_Pressure:Net_1062\ ,
            uart_rts => \I2C_Pressure:Net_1053\ ,
            i2c_scl => Net_43 ,
            i2c_sda => Net_45 ,
            interrupt => \I2C_Pressure:intr_wire\ ,
            tr_tx_req => \I2C_Pressure:Net_162\ ,
            tr_rx_req => \I2C_Pressure:Net_163\ ,
            tr_i2c_scl_filtered => Net_44 );
        Properties:
        {
            cy_registers = ""
            master = 0
            mode = 0
            requires_io_preconfigure = 1
        }
    SCB @ F(SCB,5): 
    SCB: Name =\UART_DEBUG:SCB\
        PORT MAP (
            clock => \UART_DEBUG:Net_847_ff1\ ,
            uart_rx => \UART_DEBUG:Net_1172\ ,
            uart_tx => \UART_DEBUG:tx_wire\ ,
            uart_rts => \UART_DEBUG:rts_wire\ ,
            interrupt => \UART_DEBUG:intr_wire\ ,
            tr_tx_req => Net_85 ,
            tr_rx_req => Net_82 ,
            tr_i2c_scl_filtered => \UART_DEBUG:Net_161\ );
        Properties:
        {
            cy_registers = ""
            master = 0
            mode = 2
            requires_io_preconfigure = 0
        }
CSD group 0: empty
CSIDAC7 group 0: empty
TCPWM group 0: empty
OA group 0: empty
TEMP group 0: empty
SARADC group 0: 
    SAR ADC @ F(SARADC,0): 
    SARADC: Name =\ADC_Photoresistor:SAR\
        PORT MAP (
            vplus => \ADC_Photoresistor:muxoutPlus\ ,
            vminus => \ADC_Photoresistor:muxoutMinus\ ,
            vref => \ADC_Photoresistor:Net_1448\ ,
            ext_vref => \ADC_Photoresistor:Net_105\ ,
            dsi_sar_sample_done => Net_107 ,
            dsi_sar_chan_id_valid => Net_109 ,
            dsi_sar_data_valid => Net_111 ,
            tr_sar_out => Net_106 ,
            dsi_sar_data_11 => Net_110_11 ,
            dsi_sar_data_10 => Net_110_10 ,
            dsi_sar_data_9 => Net_110_9 ,
            dsi_sar_data_8 => Net_110_8 ,
            dsi_sar_data_7 => Net_110_7 ,
            dsi_sar_data_6 => Net_110_6 ,
            dsi_sar_data_5 => Net_110_5 ,
            dsi_sar_data_4 => Net_110_4 ,
            dsi_sar_data_3 => Net_110_3 ,
            dsi_sar_data_2 => Net_110_2 ,
            dsi_sar_data_1 => Net_110_1 ,
            dsi_sar_data_0 => Net_110_0 ,
            dsi_sar_chan_id_3 => Net_108_3 ,
            dsi_sar_chan_id_2 => Net_108_2 ,
            dsi_sar_chan_id_1 => Net_108_1 ,
            dsi_sar_chan_id_0 => Net_108_0 ,
            clock => \ADC_Photoresistor:Net_428_ff49\ ,
            interrupt => \ADC_Photoresistor:Net_423\ );
        Properties:
        {
            cy_registers = ""
            edge_trigger = 0
        }
CLK_GEN group 0: 
    MxS40 Clock Gen Block @ F(CLK_GEN,0): 
    CLK_GEN: Name =ClockGenBlock
        PORT MAP (
             );
        Properties:
        {
        }
LPCOMPBLOCK group 0: empty
PASSBLOCK group 0: empty
BLE group 0: 
    Bluetooth Low Energy @ F(BLE,0): 
    BLE: Name =\BLE:cy_mxs40_ble\
        PORT MAP (
            ext_pa_lna_chip_en_out => Net_72 ,
            ext_lna_rx_ctl_out => Net_71 ,
            ext_pa_tx_ctl_out => Net_73 ,
            interrupt => \BLE:Net_1\ );
        Properties:
        {
            cy_registers = ""
            low_power = 1
        }
SmartIO group 0: empty
CRYPTO group 0: empty
PROFILE group 0: empty
SRSS group 0: 
    SRSS @ F(SRSS,0): 
    SRSS: Name =SRSS
        PORT MAP (
            wco_in => SRSS_wco_in ,
            wco_out => SRSS_wco_out );
        Properties:
        {
        }
CPUSS group 0: 
    CPUSS Block @ F(CPUSS,0): 
    CPUSS: Name =CPUSS
        PORT MAP (
            swj_swclk_tclk => CPUSS_swj_swclk_tclk ,
            swj_swdio_tms => CPUSS_swj_swdio_tms );
        Properties:
        {
        }
IOSS group 0: empty
UDB group 0: empty
IPC group 0: empty
I2S group 0: empty
PDM group 0: empty
CTDAC group 0: empty
SAMPLEHOLD group 0: empty
MCWDT group 0: 
    MCWDT @ F(MCWDT,0): 
    MCWDT: Name =\MCWDT:MCWDT\
        PORT MAP (
            interrupt => Net_89 );
        Properties:
        {
            cy_registers = ""
        }
RTC group 0: empty

Blocks not positioned by the digital component placer:
    SarMux @ <No Location>: 
    mxs40_sarmux: Name =\ADC_Photoresistor:SARMUX\
        PORT MAP (
            muxin_plus_1 => Net_126 ,
            muxin_plus_0 => Net_118 ,
            muxin_minus_1 => \ADC_Photoresistor:Net_218\ ,
            muxin_minus_0 => \ADC_Photoresistor:Net_213\ ,
            cmn_neg_0 => \ADC_Photoresistor:Net_21_0\ ,
            muxout_plus => \ADC_Photoresistor:muxoutPlus\ ,
            muxout_minus => \ADC_Photoresistor:muxoutMinus\ );
        Properties:
        {
            cmn_neg_width = 1
            cy_registers = ""
            input_mode = "00"
            muxin_width = 2
        }
</CYPRESSTAG>
<CYPRESSTAG name="Port Configuration Details">

------------------------------------------------------------
Port Configuration report
------------------------------------------------------------
     |     |       | Interrupt |                  |                              | 
Port | Pin | Fixed |      Type |       Drive Mode |                         Name | Connections
-----+-----+-------+-----------+------------------+------------------------------+--------------------------
   0 |   0 |     * |      NONE |      HI_Z_ANALOG |            CY_SRSS_WCO_IN(0) | Analog(SRSS_wco_in)
     |   1 |     * |      NONE |      HI_Z_ANALOG |           CY_SRSS_WCO_OUT(0) | Analog(SRSS_wco_out)
     |   4 |     * |      NONE |      RES_PULL_UP |       Hibernate_Wakeup_SW(0) | 
     |   5 |       |      NONE |         CMOS_OUT |            Disconnect_LED(0) | 
-----+-----+-------+-----------+------------------+------------------------------+--------------------------
   5 |   0 |     * |      NONE |      HI_Z_ANALOG |           \UART_DEBUG:rx(0)\ | FB(\UART_DEBUG:Net_1172\)
     |   1 |     * |      NONE |         CMOS_OUT |           \UART_DEBUG:tx(0)\ | In(\UART_DEBUG:tx_wire\)
     |   6 |     * |      NONE |    OPEN_DRAIN_LO | Data_Tempreature_Humidity(0) | 
-----+-----+-------+-----------+------------------+------------------------------+--------------------------
   6 |   3 |     * |      NONE |         CMOS_OUT |                 Alert_LED(0) | 
     |   6 |     * |      NONE |      RES_PULL_UP |    CY_CPUSS_SWJ_SWDIO_TMS(0) | FB(CPUSS_swj_swdio_tms)
     |   7 |     * |      NONE |    RES_PULL_DOWN |   CY_CPUSS_SWJ_SWCLK_TCLK(0) | FB(CPUSS_swj_swclk_tclk)
-----+-----+-------+-----------+------------------+------------------------------+--------------------------
   7 |   1 |     * |      NONE |         CMOS_OUT |           Advertising_LED(0) | 
-----+-----+-------+-----------+------------------+------------------------------+--------------------------
   9 |   0 |     * |      NONE |    OPEN_DRAIN_LO |        \I2C_Pressure:scl(0)\ | FB(Net_43)
     |   1 |     * |      NONE |    OPEN_DRAIN_LO |        \I2C_Pressure:sda(0)\ | FB(Net_45)
-----+-----+-------+-----------+------------------+------------------------------+--------------------------
  10 |   0 |     * |      NONE |      HI_Z_ANALOG |        DATA_Photoresistor(0) | Analog(Net_118)
     |   1 |     * |      NONE |      HI_Z_ANALOG |         DATA_SoilMoisture(0) | Analog(Net_126)
------------------------------------------------------------------------------------------------------------
</CYPRESSTAG>
</CYPRESSTAG>
</CYPRESSTAG>
Digital component placer commit/Report: Elapsed time ==> 0s.037ms
Digital Placement phase: Elapsed time ==> 4s.585ms
</CYPRESSTAG>
<CYPRESSTAG name="Digital Routing">
"C:\Program Files (x86)\Cypress\PSoC Creator\4.4\PSoC Creator\bin/sjrouter.exe" --xml-path "C:\Program Files (x86)\Cypress\PSoC Creator\4.4\PSoC Creator\dev\psoc6/0/route_arch-rrg.cydata" --vh2-path "JPHacks_r.vh2" --pcf-path "JPHacks.pco" --des-name "JPHacks" --dsf-path "JPHacks.dsf" --sdc-path "JPHacks.sdc" --lib-path "JPHacks_r.lib"
Routing successful.
Digital Routing phase: Elapsed time ==> 0s.923ms
</CYPRESSTAG>
<CYPRESSTAG name="Bitstream Generation">
Bitstream Generation phase: Elapsed time ==> 0s.446ms
</CYPRESSTAG>
<CYPRESSTAG name="Bitstream Verification">
Bitstream Verification phase: Elapsed time ==> 0s.000ms
</CYPRESSTAG>
<CYPRESSTAG name="Static timing analysis">
Timing report is in JPHacks_timing.html.
Static timing analysis phase: Elapsed time ==> 6s.453ms
</CYPRESSTAG>
<CYPRESSTAG name="Data reporting">
Data reporting phase: Elapsed time ==> 0s.000ms
</CYPRESSTAG>
<CYPRESSTAG name="Database update...">
Design database save phase: Elapsed time ==> 0s.156ms
</CYPRESSTAG>
cydsfit: Elapsed time ==> 14s.125ms
</CYPRESSTAG>
Fitter phase: Elapsed time ==> 14s.127ms
API generation phase: Elapsed time ==> 0s.989ms
Dependency generation phase: Elapsed time ==> 0s.023ms
Cleanup phase: Elapsed time ==> 0s.000ms
